2018-02-23 19:45:43,594	logger.py	85	add_log	DEBUG	
2018-02-23 19:45:43,594	logger.py	86	add_log	DEBUG	========================================================================================================================
2018-02-23 19:45:43,594	logger.py	87	add_log	DEBUG	### Log added for log_id "5dedc406-e0c8-4663-97b9-94287036dcc6" at locaton: ..\workspaces\5dedc406-e0c8-4663-97b9-94287036dcc6\log\workspace_5dedc406-e0c8-4663-97b9-94287036dcc6.log
2018-02-23 19:45:43,594	logger.py	88	add_log	DEBUG	------------------------------------------------------------------------------------------------------------------------
2018-02-23 19:45:55,022	workspaces.py	931	import_default_data	DEBUG	Default data has been copied to workspace raw data folder.
2018-02-23 19:45:58,869	workspaces.py	1385	load_all_data	DEBUG	could not read chlorophyll_integrated_2015_2016_row_format.txt from raw_data directory. Check data type
2018-02-23 20:02:46,116	workspaces.py	1234	get_filtered_data	DEBUG	STEP: step_1
2018-02-23 20:02:46,116	workspaces.py	1234	get_filtered_data	DEBUG	STEP: step_1
2018-02-23 20:02:46,299	workspaces.py	1234	get_filtered_data	DEBUG	STEP: step_1
2018-02-23 20:02:46,299	workspaces.py	1234	get_filtered_data	DEBUG	STEP: step_1
2018-02-23 20:02:46,299	workspaces.py	1234	get_filtered_data	DEBUG	STEP: step_1
2018-02-23 20:02:46,299	workspaces.py	1234	get_filtered_data	DEBUG	STEP: step_1
2018-02-23 20:02:46,299	workspaces.py	1234	get_filtered_data	DEBUG	STEP: step_1
2018-02-23 20:02:46,315	workspaces.py	1234	get_filtered_data	DEBUG	STEP: step_1
2018-02-23 20:02:46,315	workspaces.py	1234	get_filtered_data	DEBUG	STEP: step_1
2018-02-23 20:02:46,315	workspaces.py	1234	get_filtered_data	DEBUG	STEP: step_1
2018-02-23 20:02:46,330	workspaces.py	1234	get_filtered_data	DEBUG	STEP: step_1
2018-02-23 20:02:46,333	workspaces.py	1234	get_filtered_data	DEBUG	STEP: step_1
2018-02-23 20:02:46,365	workspaces.py	1234	get_filtered_data	DEBUG	STEP: step_1
2018-02-23 20:02:46,368	workspaces.py	1234	get_filtered_data	DEBUG	STEP: step_1
2018-02-23 20:02:46,388	workspaces.py	1234	get_filtered_data	DEBUG	STEP: step_1
2018-02-23 20:02:46,390	workspaces.py	1234	get_filtered_data	DEBUG	STEP: step_1
2018-02-23 20:02:46,395	workspaces.py	1234	get_filtered_data	DEBUG	STEP: step_1
2018-02-23 20:02:46,400	workspaces.py	1234	get_filtered_data	DEBUG	STEP: step_1
2018-02-23 20:02:46,405	workspaces.py	1234	get_filtered_data	DEBUG	STEP: step_1
2018-02-23 20:02:46,410	workspaces.py	1234	get_filtered_data	DEBUG	STEP: step_1
2018-02-23 20:02:46,415	workspaces.py	1234	get_filtered_data	DEBUG	STEP: step_1
2018-02-23 20:02:46,423	workspaces.py	1234	get_filtered_data	DEBUG	STEP: step_1
2018-02-23 20:02:46,428	workspaces.py	1234	get_filtered_data	DEBUG	STEP: step_1
2018-02-23 20:02:46,430	workspaces.py	1234	get_filtered_data	DEBUG	STEP: step_1
2018-02-23 20:02:46,478	workspaces.py	1234	get_filtered_data	DEBUG	STEP: step_1
2018-02-23 20:02:46,480	workspaces.py	1234	get_filtered_data	DEBUG	STEP: step_1
2018-02-23 20:02:46,493	workspaces.py	1234	get_filtered_data	DEBUG	STEP: step_1
2018-02-23 20:02:46,495	workspaces.py	1234	get_filtered_data	DEBUG	STEP: step_1
2018-02-23 20:02:46,500	workspaces.py	1234	get_filtered_data	DEBUG	STEP: step_1
2018-02-23 20:02:46,503	workspaces.py	1234	get_filtered_data	DEBUG	STEP: step_1
2018-02-23 20:02:46,505	workspaces.py	1234	get_filtered_data	DEBUG	STEP: step_1
2018-02-23 20:02:46,508	workspaces.py	1234	get_filtered_data	DEBUG	STEP: step_1
2018-02-23 20:02:46,515	workspaces.py	1234	get_filtered_data	DEBUG	STEP: step_1
2018-02-23 20:02:46,518	workspaces.py	1234	get_filtered_data	DEBUG	STEP: step_1
2018-02-23 20:02:46,520	workspaces.py	1234	get_filtered_data	DEBUG	STEP: step_1
2018-02-23 20:02:46,523	workspaces.py	1234	get_filtered_data	DEBUG	STEP: step_1
2018-02-23 20:02:46,558	workspaces.py	1234	get_filtered_data	DEBUG	STEP: step_1
2018-02-23 20:02:46,560	workspaces.py	1234	get_filtered_data	DEBUG	STEP: step_1
2018-02-23 20:02:46,573	workspaces.py	1234	get_filtered_data	DEBUG	STEP: step_1
2018-02-23 20:02:46,578	workspaces.py	1234	get_filtered_data	DEBUG	STEP: step_1
2018-02-23 20:02:46,580	workspaces.py	1234	get_filtered_data	DEBUG	STEP: step_1
2018-02-23 20:02:46,585	workspaces.py	1234	get_filtered_data	DEBUG	STEP: step_1
2018-02-23 20:02:46,588	workspaces.py	1234	get_filtered_data	DEBUG	STEP: step_1
2018-02-23 20:02:46,590	workspaces.py	1234	get_filtered_data	DEBUG	STEP: step_1
2018-02-23 20:02:46,598	workspaces.py	1234	get_filtered_data	DEBUG	STEP: step_1
2018-02-23 20:02:46,600	workspaces.py	1234	get_filtered_data	DEBUG	STEP: step_1
2018-02-23 20:02:46,605	workspaces.py	1234	get_filtered_data	DEBUG	STEP: step_1
2018-02-23 20:02:46,608	workspaces.py	1234	get_filtered_data	DEBUG	STEP: step_1
2018-02-23 20:02:46,638	workspaces.py	1234	get_filtered_data	DEBUG	STEP: step_1
2018-02-23 20:02:46,640	workspaces.py	1234	get_filtered_data	DEBUG	STEP: step_1
2018-02-23 20:02:46,660	workspaces.py	1234	get_filtered_data	DEBUG	STEP: step_1
2018-02-23 20:02:46,663	workspaces.py	1234	get_filtered_data	DEBUG	STEP: step_1
2018-02-23 20:02:46,665	workspaces.py	1234	get_filtered_data	DEBUG	STEP: step_1
2018-02-23 20:02:46,668	workspaces.py	1234	get_filtered_data	DEBUG	STEP: step_1
2018-02-23 20:02:46,670	workspaces.py	1234	get_filtered_data	DEBUG	STEP: step_1
2018-02-23 20:02:46,675	workspaces.py	1234	get_filtered_data	DEBUG	STEP: step_1
2018-02-23 20:02:46,678	workspaces.py	1234	get_filtered_data	DEBUG	STEP: step_1
2018-02-23 20:02:46,680	workspaces.py	1234	get_filtered_data	DEBUG	STEP: step_1
2018-02-23 20:02:46,683	workspaces.py	1234	get_filtered_data	DEBUG	STEP: step_1
2018-02-23 20:02:46,688	workspaces.py	1234	get_filtered_data	DEBUG	STEP: step_1
2018-02-23 20:02:46,718	workspaces.py	1234	get_filtered_data	DEBUG	STEP: step_1
2018-02-23 20:02:46,723	workspaces.py	1234	get_filtered_data	DEBUG	STEP: step_1
2018-02-23 20:02:46,735	workspaces.py	1234	get_filtered_data	DEBUG	STEP: step_1
2018-02-23 20:02:46,738	workspaces.py	1234	get_filtered_data	DEBUG	STEP: step_1
2018-02-23 20:02:46,740	workspaces.py	1234	get_filtered_data	DEBUG	STEP: step_1
2018-02-23 20:02:46,743	workspaces.py	1234	get_filtered_data	DEBUG	STEP: step_1
2018-02-23 20:02:46,748	workspaces.py	1234	get_filtered_data	DEBUG	STEP: step_1
2018-02-23 20:02:46,750	workspaces.py	1234	get_filtered_data	DEBUG	STEP: step_1
2018-02-23 20:02:46,753	workspaces.py	1234	get_filtered_data	DEBUG	STEP: step_1
2018-02-23 20:02:46,755	workspaces.py	1234	get_filtered_data	DEBUG	STEP: step_1
2018-02-23 20:02:46,760	workspaces.py	1234	get_filtered_data	DEBUG	STEP: step_1
2018-02-23 20:02:46,763	workspaces.py	1234	get_filtered_data	DEBUG	STEP: step_1
2018-02-23 20:48:16,678	workspaces.py	1234	get_filtered_data	DEBUG	STEP: step_1
2018-02-23 20:48:16,678	workspaces.py	1234	get_filtered_data	DEBUG	STEP: step_1
2018-02-23 20:48:16,694	workspaces.py	1234	get_filtered_data	DEBUG	STEP: step_1
2018-02-23 20:48:16,694	workspaces.py	1234	get_filtered_data	DEBUG	STEP: step_1
2018-02-23 20:48:16,709	workspaces.py	1234	get_filtered_data	DEBUG	STEP: step_1
2018-02-23 20:48:16,712	workspaces.py	1234	get_filtered_data	DEBUG	STEP: step_1
2018-02-23 20:48:16,714	workspaces.py	1234	get_filtered_data	DEBUG	STEP: step_1
2018-02-23 20:48:16,719	workspaces.py	1234	get_filtered_data	DEBUG	STEP: step_1
2018-02-23 20:48:16,722	workspaces.py	1234	get_filtered_data	DEBUG	STEP: step_1
2018-02-23 20:48:16,724	workspaces.py	1234	get_filtered_data	DEBUG	STEP: step_1
2018-02-23 20:48:16,727	workspaces.py	1234	get_filtered_data	DEBUG	STEP: step_1
2018-02-23 20:48:16,732	workspaces.py	1234	get_filtered_data	DEBUG	STEP: step_1
2018-02-23 20:48:16,779	workspaces.py	1234	get_filtered_data	DEBUG	STEP: step_1
2018-02-23 20:48:16,787	workspaces.py	1234	get_filtered_data	DEBUG	STEP: step_1
2018-02-23 20:48:16,807	workspaces.py	1234	get_filtered_data	DEBUG	STEP: step_1
2018-02-23 20:48:16,809	workspaces.py	1234	get_filtered_data	DEBUG	STEP: step_1
2018-02-23 20:48:16,812	workspaces.py	1234	get_filtered_data	DEBUG	STEP: step_1
2018-02-23 20:48:16,817	workspaces.py	1234	get_filtered_data	DEBUG	STEP: step_1
2018-02-23 20:48:16,819	workspaces.py	1234	get_filtered_data	DEBUG	STEP: step_1
2018-02-23 20:48:16,822	workspaces.py	1234	get_filtered_data	DEBUG	STEP: step_1
2018-02-23 20:48:16,827	workspaces.py	1234	get_filtered_data	DEBUG	STEP: step_1
2018-02-23 20:48:16,829	workspaces.py	1234	get_filtered_data	DEBUG	STEP: step_1
2018-02-23 20:48:16,834	workspaces.py	1234	get_filtered_data	DEBUG	STEP: step_1
2018-02-23 20:48:16,837	workspaces.py	1234	get_filtered_data	DEBUG	STEP: step_1
2018-02-23 20:48:16,869	workspaces.py	1234	get_filtered_data	DEBUG	STEP: step_1
2018-02-23 20:48:16,872	workspaces.py	1234	get_filtered_data	DEBUG	STEP: step_1
2018-02-23 20:48:16,889	workspaces.py	1234	get_filtered_data	DEBUG	STEP: step_1
2018-02-23 20:48:16,892	workspaces.py	1234	get_filtered_data	DEBUG	STEP: step_1
2018-02-23 20:48:16,894	workspaces.py	1234	get_filtered_data	DEBUG	STEP: step_1
2018-02-23 20:48:16,897	workspaces.py	1234	get_filtered_data	DEBUG	STEP: step_1
2018-02-23 20:48:16,902	workspaces.py	1234	get_filtered_data	DEBUG	STEP: step_1
2018-02-23 20:48:16,904	workspaces.py	1234	get_filtered_data	DEBUG	STEP: step_1
2018-02-23 20:48:16,907	workspaces.py	1234	get_filtered_data	DEBUG	STEP: step_1
2018-02-23 20:48:16,912	workspaces.py	1234	get_filtered_data	DEBUG	STEP: step_1
2018-02-23 20:48:16,914	workspaces.py	1234	get_filtered_data	DEBUG	STEP: step_1
2018-02-23 20:48:16,922	workspaces.py	1234	get_filtered_data	DEBUG	STEP: step_1
2018-02-23 20:48:16,969	workspaces.py	1234	get_filtered_data	DEBUG	STEP: step_1
2018-02-23 20:48:16,977	workspaces.py	1234	get_filtered_data	DEBUG	STEP: step_1
2018-02-23 20:48:16,999	workspaces.py	1234	get_filtered_data	DEBUG	STEP: step_1
2018-02-23 20:48:17,002	workspaces.py	1234	get_filtered_data	DEBUG	STEP: step_1
2018-02-23 20:48:17,009	workspaces.py	1234	get_filtered_data	DEBUG	STEP: step_1
2018-02-23 20:48:17,017	workspaces.py	1234	get_filtered_data	DEBUG	STEP: step_1
2018-02-23 20:48:17,022	workspaces.py	1234	get_filtered_data	DEBUG	STEP: step_1
2018-02-23 20:48:17,027	workspaces.py	1234	get_filtered_data	DEBUG	STEP: step_1
2018-02-23 20:48:17,034	workspaces.py	1234	get_filtered_data	DEBUG	STEP: step_1
2018-02-23 20:48:17,039	workspaces.py	1234	get_filtered_data	DEBUG	STEP: step_1
2018-02-23 20:48:17,044	workspaces.py	1234	get_filtered_data	DEBUG	STEP: step_1
2018-02-23 20:48:17,049	workspaces.py	1234	get_filtered_data	DEBUG	STEP: step_1
2018-02-23 20:48:17,092	workspaces.py	1234	get_filtered_data	DEBUG	STEP: step_1
2018-02-23 20:48:17,097	workspaces.py	1234	get_filtered_data	DEBUG	STEP: step_1
2018-02-23 20:48:17,117	workspaces.py	1234	get_filtered_data	DEBUG	STEP: step_1
2018-02-23 20:48:17,124	workspaces.py	1234	get_filtered_data	DEBUG	STEP: step_1
2018-02-23 20:48:17,129	workspaces.py	1234	get_filtered_data	DEBUG	STEP: step_1
2018-02-23 20:48:17,132	workspaces.py	1234	get_filtered_data	DEBUG	STEP: step_1
2018-02-23 20:48:17,134	workspaces.py	1234	get_filtered_data	DEBUG	STEP: step_1
2018-02-23 20:48:17,137	workspaces.py	1234	get_filtered_data	DEBUG	STEP: step_1
2018-02-23 20:48:17,147	workspaces.py	1234	get_filtered_data	DEBUG	STEP: step_1
2018-02-23 20:48:17,152	workspaces.py	1234	get_filtered_data	DEBUG	STEP: step_1
2018-02-23 20:48:17,157	workspaces.py	1234	get_filtered_data	DEBUG	STEP: step_1
2018-02-23 20:48:17,162	workspaces.py	1234	get_filtered_data	DEBUG	STEP: step_1
2018-02-23 20:48:17,199	workspaces.py	1234	get_filtered_data	DEBUG	STEP: step_1
2018-02-23 20:48:17,202	workspaces.py	1234	get_filtered_data	DEBUG	STEP: step_1
2018-02-23 20:48:17,224	workspaces.py	1234	get_filtered_data	DEBUG	STEP: step_1
2018-02-23 20:48:17,232	workspaces.py	1234	get_filtered_data	DEBUG	STEP: step_1
2018-02-23 20:48:17,234	workspaces.py	1234	get_filtered_data	DEBUG	STEP: step_1
2018-02-23 20:48:17,239	workspaces.py	1234	get_filtered_data	DEBUG	STEP: step_1
2018-02-23 20:48:17,244	workspaces.py	1234	get_filtered_data	DEBUG	STEP: step_1
2018-02-23 20:48:17,249	workspaces.py	1234	get_filtered_data	DEBUG	STEP: step_1
2018-02-23 20:48:17,252	workspaces.py	1234	get_filtered_data	DEBUG	STEP: step_1
2018-02-23 20:48:17,257	workspaces.py	1234	get_filtered_data	DEBUG	STEP: step_1
2018-02-23 20:48:17,262	workspaces.py	1234	get_filtered_data	DEBUG	STEP: step_1
2018-02-23 20:48:17,269	workspaces.py	1234	get_filtered_data	DEBUG	STEP: step_1
2018-02-23 20:48:17,329	workspaces.py	1234	get_filtered_data	DEBUG	STEP: step_1
2018-02-23 20:48:17,332	workspaces.py	1234	get_filtered_data	DEBUG	STEP: step_1
2018-02-23 20:48:17,349	workspaces.py	1234	get_filtered_data	DEBUG	STEP: step_1
2018-02-23 20:48:17,359	workspaces.py	1234	get_filtered_data	DEBUG	STEP: step_1
2018-02-23 20:48:17,364	workspaces.py	1234	get_filtered_data	DEBUG	STEP: step_1
2018-02-23 20:48:17,367	workspaces.py	1234	get_filtered_data	DEBUG	STEP: step_1
2018-02-23 20:48:17,372	workspaces.py	1234	get_filtered_data	DEBUG	STEP: step_1
2018-02-23 20:48:17,374	workspaces.py	1234	get_filtered_data	DEBUG	STEP: step_1
2018-02-23 20:48:17,379	workspaces.py	1234	get_filtered_data	DEBUG	STEP: step_1
2018-02-23 20:48:17,382	workspaces.py	1234	get_filtered_data	DEBUG	STEP: step_1
2018-02-23 20:48:17,384	workspaces.py	1234	get_filtered_data	DEBUG	STEP: step_1
2018-02-23 20:48:17,387	workspaces.py	1234	get_filtered_data	DEBUG	STEP: step_1
2018-02-23 20:48:17,427	workspaces.py	1234	get_filtered_data	DEBUG	STEP: step_1
2018-02-23 20:48:17,429	workspaces.py	1234	get_filtered_data	DEBUG	STEP: step_1
2018-02-23 20:48:17,457	workspaces.py	1234	get_filtered_data	DEBUG	STEP: step_1
2018-02-23 20:48:17,464	workspaces.py	1234	get_filtered_data	DEBUG	STEP: step_1
2018-02-23 20:48:17,469	workspaces.py	1234	get_filtered_data	DEBUG	STEP: step_1
2018-02-23 20:48:17,472	workspaces.py	1234	get_filtered_data	DEBUG	STEP: step_1
2018-02-23 20:48:17,479	workspaces.py	1234	get_filtered_data	DEBUG	STEP: step_1
2018-02-23 20:48:17,482	workspaces.py	1234	get_filtered_data	DEBUG	STEP: step_1
2018-02-23 20:48:17,489	workspaces.py	1234	get_filtered_data	DEBUG	STEP: step_1
2018-02-23 20:48:17,494	workspaces.py	1234	get_filtered_data	DEBUG	STEP: step_1
2018-02-23 20:48:17,504	workspaces.py	1234	get_filtered_data	DEBUG	STEP: step_1
2018-02-23 20:48:17,509	workspaces.py	1234	get_filtered_data	DEBUG	STEP: step_1
2018-02-23 20:48:17,544	workspaces.py	1234	get_filtered_data	DEBUG	STEP: step_1
2018-02-23 20:48:17,549	workspaces.py	1234	get_filtered_data	DEBUG	STEP: step_1
2018-02-23 20:48:17,567	workspaces.py	1234	get_filtered_data	DEBUG	STEP: step_1
2018-02-23 20:48:17,572	workspaces.py	1234	get_filtered_data	DEBUG	STEP: step_1
2018-02-23 20:48:17,582	workspaces.py	1234	get_filtered_data	DEBUG	STEP: step_1
2018-02-23 20:48:17,584	workspaces.py	1234	get_filtered_data	DEBUG	STEP: step_1
2018-02-23 20:48:17,587	workspaces.py	1234	get_filtered_data	DEBUG	STEP: step_1
2018-02-23 20:48:17,594	workspaces.py	1234	get_filtered_data	DEBUG	STEP: step_1
2018-02-23 20:48:17,599	workspaces.py	1234	get_filtered_data	DEBUG	STEP: step_1
2018-02-23 20:48:17,604	workspaces.py	1234	get_filtered_data	DEBUG	STEP: step_1
2018-02-23 20:48:17,609	workspaces.py	1234	get_filtered_data	DEBUG	STEP: step_1
2018-02-23 20:48:17,614	workspaces.py	1234	get_filtered_data	DEBUG	STEP: step_1
2018-02-23 20:48:17,662	workspaces.py	1234	get_filtered_data	DEBUG	STEP: step_1
2018-02-23 20:48:17,664	workspaces.py	1234	get_filtered_data	DEBUG	STEP: step_1
2018-02-23 20:48:17,687	workspaces.py	1234	get_filtered_data	DEBUG	STEP: step_1
2018-02-23 20:48:17,694	workspaces.py	1234	get_filtered_data	DEBUG	STEP: step_1
2018-02-23 20:48:17,699	workspaces.py	1234	get_filtered_data	DEBUG	STEP: step_1
2018-02-23 20:48:17,702	workspaces.py	1234	get_filtered_data	DEBUG	STEP: step_1
2018-02-23 20:48:17,704	workspaces.py	1234	get_filtered_data	DEBUG	STEP: step_1
2018-02-23 20:48:17,712	workspaces.py	1234	get_filtered_data	DEBUG	STEP: step_1
2018-02-23 20:48:17,714	workspaces.py	1234	get_filtered_data	DEBUG	STEP: step_1
2018-02-23 20:48:17,719	workspaces.py	1234	get_filtered_data	DEBUG	STEP: step_1
2018-02-23 20:48:17,724	workspaces.py	1234	get_filtered_data	DEBUG	STEP: step_1
2018-02-23 20:48:17,729	workspaces.py	1234	get_filtered_data	DEBUG	STEP: step_1
2018-02-23 20:48:17,767	workspaces.py	1234	get_filtered_data	DEBUG	STEP: step_1
2018-02-23 20:48:17,772	workspaces.py	1234	get_filtered_data	DEBUG	STEP: step_1
2018-02-23 20:48:17,794	workspaces.py	1234	get_filtered_data	DEBUG	STEP: step_1
2018-02-23 20:48:17,802	workspaces.py	1234	get_filtered_data	DEBUG	STEP: step_1
2018-02-23 20:48:17,809	workspaces.py	1234	get_filtered_data	DEBUG	STEP: step_1
2018-02-23 20:48:17,812	workspaces.py	1234	get_filtered_data	DEBUG	STEP: step_1
2018-02-23 20:48:17,819	workspaces.py	1234	get_filtered_data	DEBUG	STEP: step_1
2018-02-23 20:48:17,827	workspaces.py	1234	get_filtered_data	DEBUG	STEP: step_1
2018-02-23 20:48:17,832	workspaces.py	1234	get_filtered_data	DEBUG	STEP: step_1
2018-02-23 20:48:17,834	workspaces.py	1234	get_filtered_data	DEBUG	STEP: step_1
2018-02-23 20:48:17,837	workspaces.py	1234	get_filtered_data	DEBUG	STEP: step_1
2018-02-23 20:48:17,842	workspaces.py	1234	get_filtered_data	DEBUG	STEP: step_1
2018-02-23 20:48:17,887	workspaces.py	1234	get_filtered_data	DEBUG	STEP: step_1
2018-02-23 20:48:17,892	workspaces.py	1234	get_filtered_data	DEBUG	STEP: step_1
2018-02-23 20:48:17,919	workspaces.py	1234	get_filtered_data	DEBUG	STEP: step_1
2018-02-23 20:48:17,929	workspaces.py	1234	get_filtered_data	DEBUG	STEP: step_1
2018-02-23 20:48:17,929	workspaces.py	1234	get_filtered_data	DEBUG	STEP: step_1
2018-02-23 20:48:17,934	workspaces.py	1234	get_filtered_data	DEBUG	STEP: step_1
2018-02-23 20:48:17,937	workspaces.py	1234	get_filtered_data	DEBUG	STEP: step_1
2018-02-23 20:48:17,942	workspaces.py	1234	get_filtered_data	DEBUG	STEP: step_1
2018-02-23 20:48:17,947	workspaces.py	1234	get_filtered_data	DEBUG	STEP: step_1
2018-02-23 20:48:17,952	workspaces.py	1234	get_filtered_data	DEBUG	STEP: step_1
2018-02-23 20:48:17,959	workspaces.py	1234	get_filtered_data	DEBUG	STEP: step_1
2018-02-23 20:48:17,967	workspaces.py	1234	get_filtered_data	DEBUG	STEP: step_1
2018-02-23 21:02:53,905	workspaces.py	1234	get_filtered_data	DEBUG	STEP: step_1
2018-02-23 21:02:53,905	workspaces.py	1234	get_filtered_data	DEBUG	STEP: step_1
2018-02-23 21:02:53,920	workspaces.py	1234	get_filtered_data	DEBUG	STEP: step_1
2018-02-23 21:02:53,920	workspaces.py	1234	get_filtered_data	DEBUG	STEP: step_1
2018-02-23 21:02:53,938	workspaces.py	1234	get_filtered_data	DEBUG	STEP: step_1
2018-02-23 21:02:53,941	workspaces.py	1234	get_filtered_data	DEBUG	STEP: step_1
2018-02-23 21:02:53,946	workspaces.py	1234	get_filtered_data	DEBUG	STEP: step_1
2018-02-23 21:02:53,951	workspaces.py	1234	get_filtered_data	DEBUG	STEP: step_1
2018-02-23 21:02:53,953	workspaces.py	1234	get_filtered_data	DEBUG	STEP: step_1
2018-02-23 21:02:53,958	workspaces.py	1234	get_filtered_data	DEBUG	STEP: step_1
2018-02-23 21:02:53,963	workspaces.py	1234	get_filtered_data	DEBUG	STEP: step_1
2018-02-23 21:02:53,968	workspaces.py	1234	get_filtered_data	DEBUG	STEP: step_1
2018-02-23 21:02:54,011	workspaces.py	1234	get_filtered_data	DEBUG	STEP: step_1
2018-02-23 21:02:54,013	workspaces.py	1234	get_filtered_data	DEBUG	STEP: step_1
2018-02-23 21:02:54,043	workspaces.py	1234	get_filtered_data	DEBUG	STEP: step_1
2018-02-23 21:02:54,046	workspaces.py	1234	get_filtered_data	DEBUG	STEP: step_1
2018-02-23 21:02:54,051	workspaces.py	1234	get_filtered_data	DEBUG	STEP: step_1
2018-02-23 21:02:54,053	workspaces.py	1234	get_filtered_data	DEBUG	STEP: step_1
2018-02-23 21:02:54,058	workspaces.py	1234	get_filtered_data	DEBUG	STEP: step_1
2018-02-23 21:02:54,061	workspaces.py	1234	get_filtered_data	DEBUG	STEP: step_1
2018-02-23 21:02:54,063	workspaces.py	1234	get_filtered_data	DEBUG	STEP: step_1
2018-02-23 21:02:54,068	workspaces.py	1234	get_filtered_data	DEBUG	STEP: step_1
2018-02-23 21:02:54,071	workspaces.py	1234	get_filtered_data	DEBUG	STEP: step_1
2018-02-23 21:02:54,076	workspaces.py	1234	get_filtered_data	DEBUG	STEP: step_1
2018-02-23 21:02:54,103	workspaces.py	1234	get_filtered_data	DEBUG	STEP: step_1
2018-02-23 21:02:54,106	workspaces.py	1234	get_filtered_data	DEBUG	STEP: step_1
2018-02-23 21:02:54,121	workspaces.py	1234	get_filtered_data	DEBUG	STEP: step_1
2018-02-23 21:02:54,126	workspaces.py	1234	get_filtered_data	DEBUG	STEP: step_1
2018-02-23 21:02:54,128	workspaces.py	1234	get_filtered_data	DEBUG	STEP: step_1
2018-02-23 21:02:54,131	workspaces.py	1234	get_filtered_data	DEBUG	STEP: step_1
2018-02-23 21:02:54,136	workspaces.py	1234	get_filtered_data	DEBUG	STEP: step_1
2018-02-23 21:02:54,138	workspaces.py	1234	get_filtered_data	DEBUG	STEP: step_1
2018-02-23 21:02:54,141	workspaces.py	1234	get_filtered_data	DEBUG	STEP: step_1
2018-02-23 21:02:54,146	workspaces.py	1234	get_filtered_data	DEBUG	STEP: step_1
2018-02-23 21:02:54,148	workspaces.py	1234	get_filtered_data	DEBUG	STEP: step_1
2018-02-23 21:02:54,151	workspaces.py	1234	get_filtered_data	DEBUG	STEP: step_1
2018-02-23 21:02:54,191	workspaces.py	1234	get_filtered_data	DEBUG	STEP: step_1
2018-02-23 21:02:54,196	workspaces.py	1234	get_filtered_data	DEBUG	STEP: step_1
2018-02-23 21:02:54,223	workspaces.py	1234	get_filtered_data	DEBUG	STEP: step_1
2018-02-23 21:02:54,228	workspaces.py	1234	get_filtered_data	DEBUG	STEP: step_1
2018-02-23 21:02:54,231	workspaces.py	1234	get_filtered_data	DEBUG	STEP: step_1
2018-02-23 21:02:54,236	workspaces.py	1234	get_filtered_data	DEBUG	STEP: step_1
2018-02-23 21:02:54,248	workspaces.py	1234	get_filtered_data	DEBUG	STEP: step_1
2018-02-23 21:02:54,261	workspaces.py	1234	get_filtered_data	DEBUG	STEP: step_1
2018-02-23 21:02:54,263	workspaces.py	1234	get_filtered_data	DEBUG	STEP: step_1
2018-02-23 21:02:54,271	workspaces.py	1234	get_filtered_data	DEBUG	STEP: step_1
2018-02-23 21:02:54,278	workspaces.py	1234	get_filtered_data	DEBUG	STEP: step_1
2018-02-23 21:02:54,281	workspaces.py	1234	get_filtered_data	DEBUG	STEP: step_1
2018-02-23 21:02:54,326	workspaces.py	1234	get_filtered_data	DEBUG	STEP: step_1
2018-02-23 21:02:54,328	workspaces.py	1234	get_filtered_data	DEBUG	STEP: step_1
2018-02-23 21:02:54,356	workspaces.py	1234	get_filtered_data	DEBUG	STEP: step_1
2018-02-23 21:02:54,358	workspaces.py	1234	get_filtered_data	DEBUG	STEP: step_1
2018-02-23 21:02:54,361	workspaces.py	1234	get_filtered_data	DEBUG	STEP: step_1
2018-02-23 21:02:54,366	workspaces.py	1234	get_filtered_data	DEBUG	STEP: step_1
2018-02-23 21:02:54,371	workspaces.py	1234	get_filtered_data	DEBUG	STEP: step_1
2018-02-23 21:02:54,376	workspaces.py	1234	get_filtered_data	DEBUG	STEP: step_1
2018-02-23 21:02:54,378	workspaces.py	1234	get_filtered_data	DEBUG	STEP: step_1
2018-02-23 21:02:54,386	workspaces.py	1234	get_filtered_data	DEBUG	STEP: step_1
2018-02-23 21:02:54,391	workspaces.py	1234	get_filtered_data	DEBUG	STEP: step_1
2018-02-23 21:02:54,393	workspaces.py	1234	get_filtered_data	DEBUG	STEP: step_1
2018-02-23 21:02:54,428	workspaces.py	1234	get_filtered_data	DEBUG	STEP: step_1
2018-02-23 21:02:54,431	workspaces.py	1234	get_filtered_data	DEBUG	STEP: step_1
2018-02-23 21:02:54,453	workspaces.py	1234	get_filtered_data	DEBUG	STEP: step_1
2018-02-23 21:02:54,461	workspaces.py	1234	get_filtered_data	DEBUG	STEP: step_1
2018-02-23 21:02:54,463	workspaces.py	1234	get_filtered_data	DEBUG	STEP: step_1
2018-02-23 21:02:54,468	workspaces.py	1234	get_filtered_data	DEBUG	STEP: step_1
2018-02-23 21:02:54,473	workspaces.py	1234	get_filtered_data	DEBUG	STEP: step_1
2018-02-23 21:02:54,481	workspaces.py	1234	get_filtered_data	DEBUG	STEP: step_1
2018-02-23 21:02:54,488	workspaces.py	1234	get_filtered_data	DEBUG	STEP: step_1
2018-02-23 21:02:54,491	workspaces.py	1234	get_filtered_data	DEBUG	STEP: step_1
2018-02-23 21:02:54,501	workspaces.py	1234	get_filtered_data	DEBUG	STEP: step_1
2018-02-23 21:02:54,506	workspaces.py	1234	get_filtered_data	DEBUG	STEP: step_1
2018-02-23 21:02:54,556	workspaces.py	1234	get_filtered_data	DEBUG	STEP: step_1
2018-02-23 21:02:54,558	workspaces.py	1234	get_filtered_data	DEBUG	STEP: step_1
2018-02-23 21:02:54,578	workspaces.py	1234	get_filtered_data	DEBUG	STEP: step_1
2018-02-23 21:02:54,588	workspaces.py	1234	get_filtered_data	DEBUG	STEP: step_1
2018-02-23 21:02:54,593	workspaces.py	1234	get_filtered_data	DEBUG	STEP: step_1
2018-02-23 21:02:54,596	workspaces.py	1234	get_filtered_data	DEBUG	STEP: step_1
2018-02-23 21:02:54,601	workspaces.py	1234	get_filtered_data	DEBUG	STEP: step_1
2018-02-23 21:02:54,603	workspaces.py	1234	get_filtered_data	DEBUG	STEP: step_1
2018-02-23 21:02:54,608	workspaces.py	1234	get_filtered_data	DEBUG	STEP: step_1
2018-02-23 21:02:54,613	workspaces.py	1234	get_filtered_data	DEBUG	STEP: step_1
2018-02-23 21:02:54,616	workspaces.py	1234	get_filtered_data	DEBUG	STEP: step_1
2018-02-23 21:02:54,621	workspaces.py	1234	get_filtered_data	DEBUG	STEP: step_1
2018-02-23 21:02:54,663	workspaces.py	1234	get_filtered_data	DEBUG	STEP: step_1
2018-02-23 21:02:54,666	workspaces.py	1234	get_filtered_data	DEBUG	STEP: step_1
2018-02-23 21:02:54,688	workspaces.py	1234	get_filtered_data	DEBUG	STEP: step_1
2018-02-23 21:02:54,693	workspaces.py	1234	get_filtered_data	DEBUG	STEP: step_1
2018-02-23 21:02:54,696	workspaces.py	1234	get_filtered_data	DEBUG	STEP: step_1
2018-02-23 21:02:54,701	workspaces.py	1234	get_filtered_data	DEBUG	STEP: step_1
2018-02-23 21:02:54,706	workspaces.py	1234	get_filtered_data	DEBUG	STEP: step_1
2018-02-23 21:02:54,711	workspaces.py	1234	get_filtered_data	DEBUG	STEP: step_1
2018-02-23 21:02:54,713	workspaces.py	1234	get_filtered_data	DEBUG	STEP: step_1
2018-02-23 21:02:54,716	workspaces.py	1234	get_filtered_data	DEBUG	STEP: step_1
2018-02-23 21:02:54,718	workspaces.py	1234	get_filtered_data	DEBUG	STEP: step_1
2018-02-23 21:02:54,726	workspaces.py	1234	get_filtered_data	DEBUG	STEP: step_1
2018-02-23 21:02:54,768	workspaces.py	1234	get_filtered_data	DEBUG	STEP: step_1
2018-02-23 21:02:54,771	workspaces.py	1234	get_filtered_data	DEBUG	STEP: step_1
2018-02-23 21:02:54,791	workspaces.py	1234	get_filtered_data	DEBUG	STEP: step_1
2018-02-23 21:02:54,798	workspaces.py	1234	get_filtered_data	DEBUG	STEP: step_1
2018-02-23 21:02:54,803	workspaces.py	1234	get_filtered_data	DEBUG	STEP: step_1
2018-02-23 21:02:54,808	workspaces.py	1234	get_filtered_data	DEBUG	STEP: step_1
2018-02-23 21:02:54,818	workspaces.py	1234	get_filtered_data	DEBUG	STEP: step_1
2018-02-23 21:02:54,821	workspaces.py	1234	get_filtered_data	DEBUG	STEP: step_1
2018-02-23 21:02:54,826	workspaces.py	1234	get_filtered_data	DEBUG	STEP: step_1
2018-02-23 21:02:54,828	workspaces.py	1234	get_filtered_data	DEBUG	STEP: step_1
2018-02-23 21:02:54,833	workspaces.py	1234	get_filtered_data	DEBUG	STEP: step_1
2018-02-23 21:02:54,841	workspaces.py	1234	get_filtered_data	DEBUG	STEP: step_1
2018-02-23 21:02:54,896	workspaces.py	1234	get_filtered_data	DEBUG	STEP: step_1
2018-02-23 21:02:54,901	workspaces.py	1234	get_filtered_data	DEBUG	STEP: step_1
2018-02-23 21:02:54,931	workspaces.py	1234	get_filtered_data	DEBUG	STEP: step_1
2018-02-23 21:02:54,936	workspaces.py	1234	get_filtered_data	DEBUG	STEP: step_1
2018-02-23 21:02:54,941	workspaces.py	1234	get_filtered_data	DEBUG	STEP: step_1
2018-02-23 21:02:54,943	workspaces.py	1234	get_filtered_data	DEBUG	STEP: step_1
2018-02-23 21:02:54,946	workspaces.py	1234	get_filtered_data	DEBUG	STEP: step_1
2018-02-23 21:02:54,956	workspaces.py	1234	get_filtered_data	DEBUG	STEP: step_1
2018-02-23 21:02:54,958	workspaces.py	1234	get_filtered_data	DEBUG	STEP: step_1
2018-02-23 21:02:54,961	workspaces.py	1234	get_filtered_data	DEBUG	STEP: step_1
2018-02-23 21:02:54,963	workspaces.py	1234	get_filtered_data	DEBUG	STEP: step_1
2018-02-23 21:02:54,971	workspaces.py	1234	get_filtered_data	DEBUG	STEP: step_1
2018-02-23 21:02:55,013	workspaces.py	1234	get_filtered_data	DEBUG	STEP: step_1
2018-02-23 21:02:55,018	workspaces.py	1234	get_filtered_data	DEBUG	STEP: step_1
2018-02-23 21:02:55,041	workspaces.py	1234	get_filtered_data	DEBUG	STEP: step_1
2018-02-23 21:02:55,044	workspaces.py	1234	get_filtered_data	DEBUG	STEP: step_1
2018-02-23 21:02:55,049	workspaces.py	1234	get_filtered_data	DEBUG	STEP: step_1
2018-02-23 21:02:55,054	workspaces.py	1234	get_filtered_data	DEBUG	STEP: step_1
2018-02-23 21:02:55,057	workspaces.py	1234	get_filtered_data	DEBUG	STEP: step_1
2018-02-23 21:02:55,062	workspaces.py	1234	get_filtered_data	DEBUG	STEP: step_1
2018-02-23 21:02:55,069	workspaces.py	1234	get_filtered_data	DEBUG	STEP: step_1
2018-02-23 21:02:55,072	workspaces.py	1234	get_filtered_data	DEBUG	STEP: step_1
2018-02-23 21:02:55,077	workspaces.py	1234	get_filtered_data	DEBUG	STEP: step_1
2018-02-23 21:02:55,079	workspaces.py	1234	get_filtered_data	DEBUG	STEP: step_1
2018-02-23 21:02:55,122	workspaces.py	1234	get_filtered_data	DEBUG	STEP: step_1
2018-02-23 21:02:55,124	workspaces.py	1234	get_filtered_data	DEBUG	STEP: step_1
2018-02-23 21:02:55,147	workspaces.py	1234	get_filtered_data	DEBUG	STEP: step_1
2018-02-23 21:02:55,154	workspaces.py	1234	get_filtered_data	DEBUG	STEP: step_1
2018-02-23 21:02:55,159	workspaces.py	1234	get_filtered_data	DEBUG	STEP: step_1
2018-02-23 21:02:55,162	workspaces.py	1234	get_filtered_data	DEBUG	STEP: step_1
2018-02-23 21:02:55,169	workspaces.py	1234	get_filtered_data	DEBUG	STEP: step_1
2018-02-23 21:02:55,172	workspaces.py	1234	get_filtered_data	DEBUG	STEP: step_1
2018-02-23 21:02:55,177	workspaces.py	1234	get_filtered_data	DEBUG	STEP: step_1
2018-02-23 21:02:55,182	workspaces.py	1234	get_filtered_data	DEBUG	STEP: step_1
2018-02-23 21:02:55,189	workspaces.py	1234	get_filtered_data	DEBUG	STEP: step_1
2018-02-23 21:02:55,192	workspaces.py	1234	get_filtered_data	DEBUG	STEP: step_1
2018-02-23 21:23:08,004	workspaces.py	1234	get_filtered_data	DEBUG	STEP: step_1
2018-02-23 21:23:08,019	workspaces.py	1234	get_filtered_data	DEBUG	STEP: step_1
2018-02-23 21:23:08,035	workspaces.py	1234	get_filtered_data	DEBUG	STEP: step_1
2018-02-23 21:23:08,035	workspaces.py	1234	get_filtered_data	DEBUG	STEP: step_1
2018-02-23 21:23:08,051	workspaces.py	1234	get_filtered_data	DEBUG	STEP: step_1
2018-02-23 21:23:08,056	workspaces.py	1234	get_filtered_data	DEBUG	STEP: step_1
2018-02-23 21:23:08,061	workspaces.py	1234	get_filtered_data	DEBUG	STEP: step_1
2018-02-23 21:23:08,063	workspaces.py	1234	get_filtered_data	DEBUG	STEP: step_1
2018-02-23 21:23:08,068	workspaces.py	1234	get_filtered_data	DEBUG	STEP: step_1
2018-02-23 21:23:08,073	workspaces.py	1234	get_filtered_data	DEBUG	STEP: step_1
2018-02-23 21:23:08,078	workspaces.py	1234	get_filtered_data	DEBUG	STEP: step_1
2018-02-23 21:23:08,086	workspaces.py	1234	get_filtered_data	DEBUG	STEP: step_1
2018-02-23 21:23:08,126	workspaces.py	1234	get_filtered_data	DEBUG	STEP: step_1
2018-02-23 21:23:08,128	workspaces.py	1234	get_filtered_data	DEBUG	STEP: step_1
2018-02-23 21:23:08,148	workspaces.py	1234	get_filtered_data	DEBUG	STEP: step_1
2018-02-23 21:23:08,151	workspaces.py	1234	get_filtered_data	DEBUG	STEP: step_1
2018-02-23 21:23:08,156	workspaces.py	1234	get_filtered_data	DEBUG	STEP: step_1
2018-02-23 21:23:08,163	workspaces.py	1234	get_filtered_data	DEBUG	STEP: step_1
2018-02-23 21:23:08,168	workspaces.py	1234	get_filtered_data	DEBUG	STEP: step_1
2018-02-23 21:23:08,173	workspaces.py	1234	get_filtered_data	DEBUG	STEP: step_1
2018-02-23 21:23:08,178	workspaces.py	1234	get_filtered_data	DEBUG	STEP: step_1
2018-02-23 21:23:08,183	workspaces.py	1234	get_filtered_data	DEBUG	STEP: step_1
2018-02-23 21:23:08,188	workspaces.py	1234	get_filtered_data	DEBUG	STEP: step_1
2018-02-23 21:23:08,193	workspaces.py	1234	get_filtered_data	DEBUG	STEP: step_1
2018-02-23 21:23:08,248	workspaces.py	1234	get_filtered_data	DEBUG	STEP: step_1
2018-02-23 21:23:08,251	workspaces.py	1234	get_filtered_data	DEBUG	STEP: step_1
2018-02-23 21:23:08,273	workspaces.py	1234	get_filtered_data	DEBUG	STEP: step_1
2018-02-23 21:23:08,283	workspaces.py	1234	get_filtered_data	DEBUG	STEP: step_1
2018-02-23 21:23:08,286	workspaces.py	1234	get_filtered_data	DEBUG	STEP: step_1
2018-02-23 21:23:08,291	workspaces.py	1234	get_filtered_data	DEBUG	STEP: step_1
2018-02-23 21:23:08,296	workspaces.py	1234	get_filtered_data	DEBUG	STEP: step_1
2018-02-23 21:23:08,301	workspaces.py	1234	get_filtered_data	DEBUG	STEP: step_1
2018-02-23 21:23:08,303	workspaces.py	1234	get_filtered_data	DEBUG	STEP: step_1
2018-02-23 21:23:08,306	workspaces.py	1234	get_filtered_data	DEBUG	STEP: step_1
2018-02-23 21:23:08,308	workspaces.py	1234	get_filtered_data	DEBUG	STEP: step_1
2018-02-23 21:23:08,313	workspaces.py	1234	get_filtered_data	DEBUG	STEP: step_1
2018-02-23 21:23:08,351	workspaces.py	1234	get_filtered_data	DEBUG	STEP: step_1
2018-02-23 21:23:08,356	workspaces.py	1234	get_filtered_data	DEBUG	STEP: step_1
2018-02-23 21:23:08,386	workspaces.py	1234	get_filtered_data	DEBUG	STEP: step_1
2018-02-23 21:23:08,391	workspaces.py	1234	get_filtered_data	DEBUG	STEP: step_1
2018-02-23 21:23:08,403	workspaces.py	1234	get_filtered_data	DEBUG	STEP: step_1
2018-02-23 21:23:08,408	workspaces.py	1234	get_filtered_data	DEBUG	STEP: step_1
2018-02-23 21:23:08,411	workspaces.py	1234	get_filtered_data	DEBUG	STEP: step_1
2018-02-23 21:23:08,413	workspaces.py	1234	get_filtered_data	DEBUG	STEP: step_1
2018-02-23 21:23:08,416	workspaces.py	1234	get_filtered_data	DEBUG	STEP: step_1
2018-02-23 21:23:08,418	workspaces.py	1234	get_filtered_data	DEBUG	STEP: step_1
2018-02-23 21:23:08,423	workspaces.py	1234	get_filtered_data	DEBUG	STEP: step_1
2018-02-23 21:23:08,426	workspaces.py	1234	get_filtered_data	DEBUG	STEP: step_1
2018-02-23 21:23:08,471	workspaces.py	1234	get_filtered_data	DEBUG	STEP: step_1
2018-02-23 21:23:08,476	workspaces.py	1234	get_filtered_data	DEBUG	STEP: step_1
2018-02-23 21:23:08,496	workspaces.py	1234	get_filtered_data	DEBUG	STEP: step_1
2018-02-23 21:23:08,506	workspaces.py	1234	get_filtered_data	DEBUG	STEP: step_1
2018-02-23 21:23:08,511	workspaces.py	1234	get_filtered_data	DEBUG	STEP: step_1
2018-02-23 21:23:08,518	workspaces.py	1234	get_filtered_data	DEBUG	STEP: step_1
2018-02-23 21:23:08,523	workspaces.py	1234	get_filtered_data	DEBUG	STEP: step_1
2018-02-23 21:23:08,528	workspaces.py	1234	get_filtered_data	DEBUG	STEP: step_1
2018-02-23 21:23:08,533	workspaces.py	1234	get_filtered_data	DEBUG	STEP: step_1
2018-02-23 21:23:08,541	workspaces.py	1234	get_filtered_data	DEBUG	STEP: step_1
2018-02-23 21:23:08,548	workspaces.py	1234	get_filtered_data	DEBUG	STEP: step_1
2018-02-23 21:23:08,556	workspaces.py	1234	get_filtered_data	DEBUG	STEP: step_1
2018-02-23 21:23:08,598	workspaces.py	1234	get_filtered_data	DEBUG	STEP: step_1
2018-02-23 21:23:08,601	workspaces.py	1234	get_filtered_data	DEBUG	STEP: step_1
2018-02-23 21:23:08,628	workspaces.py	1234	get_filtered_data	DEBUG	STEP: step_1
2018-02-23 21:23:08,638	workspaces.py	1234	get_filtered_data	DEBUG	STEP: step_1
2018-02-23 21:23:08,643	workspaces.py	1234	get_filtered_data	DEBUG	STEP: step_1
2018-02-23 21:23:08,648	workspaces.py	1234	get_filtered_data	DEBUG	STEP: step_1
2018-02-23 21:23:08,653	workspaces.py	1234	get_filtered_data	DEBUG	STEP: step_1
2018-02-23 21:23:08,661	workspaces.py	1234	get_filtered_data	DEBUG	STEP: step_1
2018-02-23 21:23:08,673	workspaces.py	1234	get_filtered_data	DEBUG	STEP: step_1
2018-02-23 21:23:08,678	workspaces.py	1234	get_filtered_data	DEBUG	STEP: step_1
2018-02-23 21:23:08,683	workspaces.py	1234	get_filtered_data	DEBUG	STEP: step_1
2018-02-23 21:23:08,686	workspaces.py	1234	get_filtered_data	DEBUG	STEP: step_1
2018-02-23 21:23:08,761	workspaces.py	1234	get_filtered_data	DEBUG	STEP: step_1
2018-02-23 21:23:08,768	workspaces.py	1234	get_filtered_data	DEBUG	STEP: step_1
2018-02-23 21:23:08,791	workspaces.py	1234	get_filtered_data	DEBUG	STEP: step_1
2018-02-23 21:23:08,798	workspaces.py	1234	get_filtered_data	DEBUG	STEP: step_1
2018-02-23 21:23:08,806	workspaces.py	1234	get_filtered_data	DEBUG	STEP: step_1
2018-02-23 21:23:08,811	workspaces.py	1234	get_filtered_data	DEBUG	STEP: step_1
2018-02-23 21:23:08,816	workspaces.py	1234	get_filtered_data	DEBUG	STEP: step_1
2018-02-23 21:23:08,821	workspaces.py	1234	get_filtered_data	DEBUG	STEP: step_1
2018-02-23 21:23:08,826	workspaces.py	1234	get_filtered_data	DEBUG	STEP: step_1
2018-02-23 21:23:08,828	workspaces.py	1234	get_filtered_data	DEBUG	STEP: step_1
2018-02-23 21:23:08,831	workspaces.py	1234	get_filtered_data	DEBUG	STEP: step_1
2018-02-23 21:23:08,836	workspaces.py	1234	get_filtered_data	DEBUG	STEP: step_1
2018-02-23 21:23:08,886	workspaces.py	1234	get_filtered_data	DEBUG	STEP: step_1
2018-02-23 21:23:08,891	workspaces.py	1234	get_filtered_data	DEBUG	STEP: step_1
2018-02-23 21:23:08,913	workspaces.py	1234	get_filtered_data	DEBUG	STEP: step_1
2018-02-23 21:23:08,918	workspaces.py	1234	get_filtered_data	DEBUG	STEP: step_1
2018-02-23 21:23:08,921	workspaces.py	1234	get_filtered_data	DEBUG	STEP: step_1
2018-02-23 21:23:08,928	workspaces.py	1234	get_filtered_data	DEBUG	STEP: step_1
2018-02-23 21:23:08,936	workspaces.py	1234	get_filtered_data	DEBUG	STEP: step_1
2018-02-23 21:23:08,946	workspaces.py	1234	get_filtered_data	DEBUG	STEP: step_1
2018-02-23 21:23:08,951	workspaces.py	1234	get_filtered_data	DEBUG	STEP: step_1
2018-02-23 21:23:08,958	workspaces.py	1234	get_filtered_data	DEBUG	STEP: step_1
2018-02-23 21:23:08,961	workspaces.py	1234	get_filtered_data	DEBUG	STEP: step_1
2018-02-23 21:23:08,966	workspaces.py	1234	get_filtered_data	DEBUG	STEP: step_1
2018-02-23 21:23:09,008	workspaces.py	1234	get_filtered_data	DEBUG	STEP: step_1
2018-02-23 21:23:09,016	workspaces.py	1234	get_filtered_data	DEBUG	STEP: step_1
2018-02-23 21:23:09,041	workspaces.py	1234	get_filtered_data	DEBUG	STEP: step_1
2018-02-23 21:23:09,043	workspaces.py	1234	get_filtered_data	DEBUG	STEP: step_1
2018-02-23 21:23:09,048	workspaces.py	1234	get_filtered_data	DEBUG	STEP: step_1
2018-02-23 21:23:09,053	workspaces.py	1234	get_filtered_data	DEBUG	STEP: step_1
2018-02-23 21:23:09,056	workspaces.py	1234	get_filtered_data	DEBUG	STEP: step_1
2018-02-23 21:23:09,061	workspaces.py	1234	get_filtered_data	DEBUG	STEP: step_1
2018-02-23 21:23:09,063	workspaces.py	1234	get_filtered_data	DEBUG	STEP: step_1
2018-02-23 21:23:09,073	workspaces.py	1234	get_filtered_data	DEBUG	STEP: step_1
2018-02-23 21:23:09,078	workspaces.py	1234	get_filtered_data	DEBUG	STEP: step_1
2018-02-23 21:23:09,083	workspaces.py	1234	get_filtered_data	DEBUG	STEP: step_1
2018-02-23 21:23:09,121	workspaces.py	1234	get_filtered_data	DEBUG	STEP: step_1
2018-02-23 21:23:09,136	workspaces.py	1234	get_filtered_data	DEBUG	STEP: step_1
2018-02-23 21:23:09,151	workspaces.py	1234	get_filtered_data	DEBUG	STEP: step_1
2018-02-23 21:23:09,158	workspaces.py	1234	get_filtered_data	DEBUG	STEP: step_1
2018-02-23 21:23:09,168	workspaces.py	1234	get_filtered_data	DEBUG	STEP: step_1
2018-02-23 21:23:09,173	workspaces.py	1234	get_filtered_data	DEBUG	STEP: step_1
2018-02-23 21:23:09,178	workspaces.py	1234	get_filtered_data	DEBUG	STEP: step_1
2018-02-23 21:23:09,181	workspaces.py	1234	get_filtered_data	DEBUG	STEP: step_1
2018-02-23 21:23:09,188	workspaces.py	1234	get_filtered_data	DEBUG	STEP: step_1
2018-02-23 21:23:09,191	workspaces.py	1234	get_filtered_data	DEBUG	STEP: step_1
2018-02-23 21:23:09,193	workspaces.py	1234	get_filtered_data	DEBUG	STEP: step_1
2018-02-23 21:23:09,198	workspaces.py	1234	get_filtered_data	DEBUG	STEP: step_1
2018-02-23 21:23:09,243	workspaces.py	1234	get_filtered_data	DEBUG	STEP: step_1
2018-02-23 21:23:09,253	workspaces.py	1234	get_filtered_data	DEBUG	STEP: step_1
2018-02-23 21:23:09,276	workspaces.py	1234	get_filtered_data	DEBUG	STEP: step_1
2018-02-23 21:23:09,278	workspaces.py	1234	get_filtered_data	DEBUG	STEP: step_1
2018-02-23 21:23:09,281	workspaces.py	1234	get_filtered_data	DEBUG	STEP: step_1
2018-02-23 21:23:09,288	workspaces.py	1234	get_filtered_data	DEBUG	STEP: step_1
2018-02-23 21:23:09,293	workspaces.py	1234	get_filtered_data	DEBUG	STEP: step_1
2018-02-23 21:23:09,296	workspaces.py	1234	get_filtered_data	DEBUG	STEP: step_1
2018-02-23 21:23:09,301	workspaces.py	1234	get_filtered_data	DEBUG	STEP: step_1
2018-02-23 21:23:09,311	workspaces.py	1234	get_filtered_data	DEBUG	STEP: step_1
2018-02-23 21:23:09,316	workspaces.py	1234	get_filtered_data	DEBUG	STEP: step_1
2018-02-23 21:23:09,321	workspaces.py	1234	get_filtered_data	DEBUG	STEP: step_1
2018-02-23 21:23:09,358	workspaces.py	1234	get_filtered_data	DEBUG	STEP: step_1
2018-02-23 21:23:09,371	workspaces.py	1234	get_filtered_data	DEBUG	STEP: step_1
2018-02-23 21:23:09,391	workspaces.py	1234	get_filtered_data	DEBUG	STEP: step_1
2018-02-23 21:23:09,396	workspaces.py	1234	get_filtered_data	DEBUG	STEP: step_1
2018-02-23 21:23:09,401	workspaces.py	1234	get_filtered_data	DEBUG	STEP: step_1
2018-02-23 21:23:09,411	workspaces.py	1234	get_filtered_data	DEBUG	STEP: step_1
2018-02-23 21:23:09,413	workspaces.py	1234	get_filtered_data	DEBUG	STEP: step_1
2018-02-23 21:23:09,418	workspaces.py	1234	get_filtered_data	DEBUG	STEP: step_1
2018-02-23 21:23:09,423	workspaces.py	1234	get_filtered_data	DEBUG	STEP: step_1
2018-02-23 21:23:09,426	workspaces.py	1234	get_filtered_data	DEBUG	STEP: step_1
2018-02-23 21:23:09,431	workspaces.py	1234	get_filtered_data	DEBUG	STEP: step_1
2018-02-23 21:23:09,436	workspaces.py	1234	get_filtered_data	DEBUG	STEP: step_1
2018-02-23 21:24:56,109	workspaces.py	1234	get_filtered_data	DEBUG	STEP: step_1
2018-02-23 21:24:56,109	workspaces.py	1234	get_filtered_data	DEBUG	STEP: step_1
2018-02-23 21:24:56,125	workspaces.py	1234	get_filtered_data	DEBUG	STEP: step_1
2018-02-23 21:24:56,125	workspaces.py	1234	get_filtered_data	DEBUG	STEP: step_1
2018-02-23 21:24:56,140	workspaces.py	1234	get_filtered_data	DEBUG	STEP: step_1
2018-02-23 21:24:56,145	workspaces.py	1234	get_filtered_data	DEBUG	STEP: step_1
2018-02-23 21:24:56,150	workspaces.py	1234	get_filtered_data	DEBUG	STEP: step_1
2018-02-23 21:24:56,153	workspaces.py	1234	get_filtered_data	DEBUG	STEP: step_1
2018-02-23 21:24:56,158	workspaces.py	1234	get_filtered_data	DEBUG	STEP: step_1
2018-02-23 21:24:56,160	workspaces.py	1234	get_filtered_data	DEBUG	STEP: step_1
2018-02-23 21:24:56,165	workspaces.py	1234	get_filtered_data	DEBUG	STEP: step_1
2018-02-23 21:24:56,170	workspaces.py	1234	get_filtered_data	DEBUG	STEP: step_1
2018-02-23 21:24:56,219	workspaces.py	1234	get_filtered_data	DEBUG	STEP: step_1
2018-02-23 21:24:56,221	workspaces.py	1234	get_filtered_data	DEBUG	STEP: step_1
2018-02-23 21:24:56,246	workspaces.py	1234	get_filtered_data	DEBUG	STEP: step_1
2018-02-23 21:24:56,251	workspaces.py	1234	get_filtered_data	DEBUG	STEP: step_1
2018-02-23 21:24:56,254	workspaces.py	1234	get_filtered_data	DEBUG	STEP: step_1
2018-02-23 21:24:56,259	workspaces.py	1234	get_filtered_data	DEBUG	STEP: step_1
2018-02-23 21:24:56,264	workspaces.py	1234	get_filtered_data	DEBUG	STEP: step_1
2018-02-23 21:24:56,266	workspaces.py	1234	get_filtered_data	DEBUG	STEP: step_1
2018-02-23 21:24:56,271	workspaces.py	1234	get_filtered_data	DEBUG	STEP: step_1
2018-02-23 21:24:56,274	workspaces.py	1234	get_filtered_data	DEBUG	STEP: step_1
2018-02-23 21:24:56,276	workspaces.py	1234	get_filtered_data	DEBUG	STEP: step_1
2018-02-23 21:24:56,279	workspaces.py	1234	get_filtered_data	DEBUG	STEP: step_1
2018-02-23 21:24:56,309	workspaces.py	1234	get_filtered_data	DEBUG	STEP: step_1
2018-02-23 21:24:56,311	workspaces.py	1234	get_filtered_data	DEBUG	STEP: step_1
2018-02-23 21:24:56,326	workspaces.py	1234	get_filtered_data	DEBUG	STEP: step_1
2018-02-23 21:24:56,329	workspaces.py	1234	get_filtered_data	DEBUG	STEP: step_1
2018-02-23 21:24:56,331	workspaces.py	1234	get_filtered_data	DEBUG	STEP: step_1
2018-02-23 21:24:56,336	workspaces.py	1234	get_filtered_data	DEBUG	STEP: step_1
2018-02-23 21:24:56,339	workspaces.py	1234	get_filtered_data	DEBUG	STEP: step_1
2018-02-23 21:24:56,341	workspaces.py	1234	get_filtered_data	DEBUG	STEP: step_1
2018-02-23 21:24:56,346	workspaces.py	1234	get_filtered_data	DEBUG	STEP: step_1
2018-02-23 21:24:56,351	workspaces.py	1234	get_filtered_data	DEBUG	STEP: step_1
2018-02-23 21:24:56,354	workspaces.py	1234	get_filtered_data	DEBUG	STEP: step_1
2018-02-23 21:24:56,356	workspaces.py	1234	get_filtered_data	DEBUG	STEP: step_1
2018-02-23 21:24:56,399	workspaces.py	1234	get_filtered_data	DEBUG	STEP: step_1
2018-02-23 21:24:56,401	workspaces.py	1234	get_filtered_data	DEBUG	STEP: step_1
2018-02-23 21:24:56,426	workspaces.py	1234	get_filtered_data	DEBUG	STEP: step_1
2018-02-23 21:24:56,429	workspaces.py	1234	get_filtered_data	DEBUG	STEP: step_1
2018-02-23 21:24:56,436	workspaces.py	1234	get_filtered_data	DEBUG	STEP: step_1
2018-02-23 21:24:56,446	workspaces.py	1234	get_filtered_data	DEBUG	STEP: step_1
2018-02-23 21:24:56,451	workspaces.py	1234	get_filtered_data	DEBUG	STEP: step_1
2018-02-23 21:24:56,459	workspaces.py	1234	get_filtered_data	DEBUG	STEP: step_1
2018-02-23 21:24:56,464	workspaces.py	1234	get_filtered_data	DEBUG	STEP: step_1
2018-02-23 21:24:56,466	workspaces.py	1234	get_filtered_data	DEBUG	STEP: step_1
2018-02-23 21:24:56,476	workspaces.py	1234	get_filtered_data	DEBUG	STEP: step_1
2018-02-23 21:24:56,484	workspaces.py	1234	get_filtered_data	DEBUG	STEP: step_1
2018-02-23 21:24:56,519	workspaces.py	1234	get_filtered_data	DEBUG	STEP: step_1
2018-02-23 21:24:56,524	workspaces.py	1234	get_filtered_data	DEBUG	STEP: step_1
2018-02-23 21:24:56,544	workspaces.py	1234	get_filtered_data	DEBUG	STEP: step_1
2018-02-23 21:24:56,546	workspaces.py	1234	get_filtered_data	DEBUG	STEP: step_1
2018-02-23 21:24:56,551	workspaces.py	1234	get_filtered_data	DEBUG	STEP: step_1
2018-02-23 21:24:56,554	workspaces.py	1234	get_filtered_data	DEBUG	STEP: step_1
2018-02-23 21:24:56,561	workspaces.py	1234	get_filtered_data	DEBUG	STEP: step_1
2018-02-23 21:24:56,569	workspaces.py	1234	get_filtered_data	DEBUG	STEP: step_1
2018-02-23 21:24:56,574	workspaces.py	1234	get_filtered_data	DEBUG	STEP: step_1
2018-02-23 21:24:56,579	workspaces.py	1234	get_filtered_data	DEBUG	STEP: step_1
2018-02-23 21:24:56,586	workspaces.py	1234	get_filtered_data	DEBUG	STEP: step_1
2018-02-23 21:24:56,591	workspaces.py	1234	get_filtered_data	DEBUG	STEP: step_1
2018-02-23 21:24:56,631	workspaces.py	1234	get_filtered_data	DEBUG	STEP: step_1
2018-02-23 21:24:56,636	workspaces.py	1234	get_filtered_data	DEBUG	STEP: step_1
2018-02-23 21:24:56,656	workspaces.py	1234	get_filtered_data	DEBUG	STEP: step_1
2018-02-23 21:24:56,666	workspaces.py	1234	get_filtered_data	DEBUG	STEP: step_1
2018-02-23 21:24:56,671	workspaces.py	1234	get_filtered_data	DEBUG	STEP: step_1
2018-02-23 21:24:56,679	workspaces.py	1234	get_filtered_data	DEBUG	STEP: step_1
2018-02-23 21:24:56,684	workspaces.py	1234	get_filtered_data	DEBUG	STEP: step_1
2018-02-23 21:24:56,689	workspaces.py	1234	get_filtered_data	DEBUG	STEP: step_1
2018-02-23 21:24:56,694	workspaces.py	1234	get_filtered_data	DEBUG	STEP: step_1
2018-02-23 21:24:56,701	workspaces.py	1234	get_filtered_data	DEBUG	STEP: step_1
2018-02-23 21:24:56,706	workspaces.py	1234	get_filtered_data	DEBUG	STEP: step_1
2018-02-23 21:24:56,711	workspaces.py	1234	get_filtered_data	DEBUG	STEP: step_1
2018-02-23 21:24:56,764	workspaces.py	1234	get_filtered_data	DEBUG	STEP: step_1
2018-02-23 21:24:56,771	workspaces.py	1234	get_filtered_data	DEBUG	STEP: step_1
2018-02-23 21:24:56,791	workspaces.py	1234	get_filtered_data	DEBUG	STEP: step_1
2018-02-23 21:24:56,799	workspaces.py	1234	get_filtered_data	DEBUG	STEP: step_1
2018-02-23 21:24:56,804	workspaces.py	1234	get_filtered_data	DEBUG	STEP: step_1
2018-02-23 21:24:56,809	workspaces.py	1234	get_filtered_data	DEBUG	STEP: step_1
2018-02-23 21:24:56,816	workspaces.py	1234	get_filtered_data	DEBUG	STEP: step_1
2018-02-23 21:24:56,819	workspaces.py	1234	get_filtered_data	DEBUG	STEP: step_1
2018-02-23 21:24:56,824	workspaces.py	1234	get_filtered_data	DEBUG	STEP: step_1
2018-02-23 21:24:56,829	workspaces.py	1234	get_filtered_data	DEBUG	STEP: step_1
2018-02-23 21:24:56,834	workspaces.py	1234	get_filtered_data	DEBUG	STEP: step_1
2018-02-23 21:24:56,844	workspaces.py	1234	get_filtered_data	DEBUG	STEP: step_1
2018-02-23 21:24:56,889	workspaces.py	1234	get_filtered_data	DEBUG	STEP: step_1
2018-02-23 21:24:56,896	workspaces.py	1234	get_filtered_data	DEBUG	STEP: step_1
2018-02-23 21:24:56,921	workspaces.py	1234	get_filtered_data	DEBUG	STEP: step_1
2018-02-23 21:24:56,929	workspaces.py	1234	get_filtered_data	DEBUG	STEP: step_1
2018-02-23 21:24:56,936	workspaces.py	1234	get_filtered_data	DEBUG	STEP: step_1
2018-02-23 21:24:56,941	workspaces.py	1234	get_filtered_data	DEBUG	STEP: step_1
2018-02-23 21:24:56,944	workspaces.py	1234	get_filtered_data	DEBUG	STEP: step_1
2018-02-23 21:24:56,946	workspaces.py	1234	get_filtered_data	DEBUG	STEP: step_1
2018-02-23 21:24:56,951	workspaces.py	1234	get_filtered_data	DEBUG	STEP: step_1
2018-02-23 21:24:56,959	workspaces.py	1234	get_filtered_data	DEBUG	STEP: step_1
2018-02-23 21:24:56,964	workspaces.py	1234	get_filtered_data	DEBUG	STEP: step_1
2018-02-23 21:24:56,974	workspaces.py	1234	get_filtered_data	DEBUG	STEP: step_1
2018-02-23 21:24:57,009	workspaces.py	1234	get_filtered_data	DEBUG	STEP: step_1
2018-02-23 21:24:57,011	workspaces.py	1234	get_filtered_data	DEBUG	STEP: step_1
2018-02-23 21:24:57,041	workspaces.py	1234	get_filtered_data	DEBUG	STEP: step_1
2018-02-23 21:24:57,049	workspaces.py	1234	get_filtered_data	DEBUG	STEP: step_1
2018-02-23 21:24:57,054	workspaces.py	1234	get_filtered_data	DEBUG	STEP: step_1
2018-02-23 21:24:57,064	workspaces.py	1234	get_filtered_data	DEBUG	STEP: step_1
2018-02-23 21:24:57,069	workspaces.py	1234	get_filtered_data	DEBUG	STEP: step_1
2018-02-23 21:24:57,079	workspaces.py	1234	get_filtered_data	DEBUG	STEP: step_1
2018-02-23 21:24:57,084	workspaces.py	1234	get_filtered_data	DEBUG	STEP: step_1
2018-02-23 21:24:57,091	workspaces.py	1234	get_filtered_data	DEBUG	STEP: step_1
2018-02-23 21:24:57,096	workspaces.py	1234	get_filtered_data	DEBUG	STEP: step_1
2018-02-23 21:24:57,099	workspaces.py	1234	get_filtered_data	DEBUG	STEP: step_1
2018-02-23 21:24:57,151	workspaces.py	1234	get_filtered_data	DEBUG	STEP: step_1
2018-02-23 21:24:57,159	workspaces.py	1234	get_filtered_data	DEBUG	STEP: step_1
2018-02-23 21:24:57,176	workspaces.py	1234	get_filtered_data	DEBUG	STEP: step_1
2018-02-23 21:24:57,179	workspaces.py	1234	get_filtered_data	DEBUG	STEP: step_1
2018-02-23 21:24:57,181	workspaces.py	1234	get_filtered_data	DEBUG	STEP: step_1
2018-02-23 21:24:57,186	workspaces.py	1234	get_filtered_data	DEBUG	STEP: step_1
2018-02-23 21:24:57,191	workspaces.py	1234	get_filtered_data	DEBUG	STEP: step_1
2018-02-23 21:24:57,196	workspaces.py	1234	get_filtered_data	DEBUG	STEP: step_1
2018-02-23 21:24:57,204	workspaces.py	1234	get_filtered_data	DEBUG	STEP: step_1
2018-02-23 21:24:57,206	workspaces.py	1234	get_filtered_data	DEBUG	STEP: step_1
2018-02-23 21:24:57,216	workspaces.py	1234	get_filtered_data	DEBUG	STEP: step_1
2018-02-23 21:24:57,219	workspaces.py	1234	get_filtered_data	DEBUG	STEP: step_1
2018-02-23 21:24:57,264	workspaces.py	1234	get_filtered_data	DEBUG	STEP: step_1
2018-02-23 21:24:57,269	workspaces.py	1234	get_filtered_data	DEBUG	STEP: step_1
2018-02-23 21:24:57,296	workspaces.py	1234	get_filtered_data	DEBUG	STEP: step_1
2018-02-23 21:24:57,301	workspaces.py	1234	get_filtered_data	DEBUG	STEP: step_1
2018-02-23 21:24:57,309	workspaces.py	1234	get_filtered_data	DEBUG	STEP: step_1
2018-02-23 21:24:57,314	workspaces.py	1234	get_filtered_data	DEBUG	STEP: step_1
2018-02-23 21:24:57,319	workspaces.py	1234	get_filtered_data	DEBUG	STEP: step_1
2018-02-23 21:24:57,324	workspaces.py	1234	get_filtered_data	DEBUG	STEP: step_1
2018-02-23 21:24:57,329	workspaces.py	1234	get_filtered_data	DEBUG	STEP: step_1
2018-02-23 21:24:57,336	workspaces.py	1234	get_filtered_data	DEBUG	STEP: step_1
2018-02-23 21:24:57,341	workspaces.py	1234	get_filtered_data	DEBUG	STEP: step_1
2018-02-23 21:24:57,344	workspaces.py	1234	get_filtered_data	DEBUG	STEP: step_1
2018-02-23 21:24:57,399	workspaces.py	1234	get_filtered_data	DEBUG	STEP: step_1
2018-02-23 21:24:57,406	workspaces.py	1234	get_filtered_data	DEBUG	STEP: step_1
2018-02-23 21:24:57,429	workspaces.py	1234	get_filtered_data	DEBUG	STEP: step_1
2018-02-23 21:24:57,431	workspaces.py	1234	get_filtered_data	DEBUG	STEP: step_1
2018-02-23 21:24:57,434	workspaces.py	1234	get_filtered_data	DEBUG	STEP: step_1
2018-02-23 21:24:57,441	workspaces.py	1234	get_filtered_data	DEBUG	STEP: step_1
2018-02-23 21:24:57,444	workspaces.py	1234	get_filtered_data	DEBUG	STEP: step_1
2018-02-23 21:24:57,449	workspaces.py	1234	get_filtered_data	DEBUG	STEP: step_1
2018-02-23 21:24:57,456	workspaces.py	1234	get_filtered_data	DEBUG	STEP: step_1
2018-02-23 21:24:57,464	workspaces.py	1234	get_filtered_data	DEBUG	STEP: step_1
2018-02-23 21:24:57,469	workspaces.py	1234	get_filtered_data	DEBUG	STEP: step_1
2018-02-23 21:24:57,476	workspaces.py	1234	get_filtered_data	DEBUG	STEP: step_1
2018-02-23 21:27:43,837	workspaces.py	1062	copy_subset	DEBUG	Could not add subset with alias "subset_A". Workspace already exists!
