2018-09-20 16:02:21,604	event_handler.py	133	__init__	DEBUG	Time for initiating EventHandler: 0.8400013446807861
2018-09-20 16:02:21,614	event_handler.py	50	f	DEBUG	Start: "request_workspace_result"
2018-09-20 16:02:21,644	event_handler.py	2944	load_workspace	DEBUG	Trying to load new workspace "fccc7645-8501-4541-975b-bdcfb40a5092" with alias "New test workspace"
2018-09-20 16:02:22,084	event_handler.py	2962	load_workspace	INFO	Workspace "fccc7645-8501-4541-975b-bdcfb40a5092" with alias "New test workspace loaded."
2018-09-20 16:02:22,144	event_handler.py	2955	load_workspace	DEBUG	Workspace "fccc7645-8501-4541-975b-bdcfb40a5092" with alias "New test workspace" is already loaded. Set reload=True if you want to reload the workspace.
2018-09-20 16:02:22,154	event_handler.py	54	f	DEBUG	Stop: "request_workspace_result". Time for running method was 0.5400009155273438
2018-09-20 16:07:03,573	event_handler.py	117	__init__	DEBUG	Start EventHandler: event_handler
2018-09-20 16:07:03,583	event_handler.py	152	_load_mapping_objects	DEBUG	Loading mapping files from pickle file.
2018-09-20 16:07:04,433	event_handler.py	128	__init__	DEBUG	Time for mapping: 0.8600008487701416
2018-09-20 16:07:40,493	event_handler.py	117	__init__	DEBUG	Start EventHandler: event_handler
2018-09-20 16:07:40,493	event_handler.py	152	_load_mapping_objects	DEBUG	Loading mapping files from pickle file.
2018-09-20 16:07:41,283	event_handler.py	128	__init__	DEBUG	Time for mapping: 0.7900011539459229
2018-09-20 16:07:41,313	event_handler.py	133	__init__	DEBUG	Time for initiating EventHandler: 0.8200013637542725
2018-09-20 16:07:41,313	event_handler.py	50	f	DEBUG	Start: "request_workspace_result"
2018-09-20 16:07:41,363	event_handler.py	2944	load_workspace	DEBUG	Trying to load new workspace "fccc7645-8501-4541-975b-bdcfb40a5092" with alias "New test workspace"
2018-09-20 16:07:41,823	event_handler.py	2962	load_workspace	INFO	Workspace "fccc7645-8501-4541-975b-bdcfb40a5092" with alias "New test workspace loaded."
2018-09-20 16:07:41,883	event_handler.py	2955	load_workspace	DEBUG	Workspace "fccc7645-8501-4541-975b-bdcfb40a5092" with alias "New test workspace" is already loaded. Set reload=True if you want to reload the workspace.
2018-09-20 16:07:41,893	event_handler.py	54	f	DEBUG	Stop: "request_workspace_result". Time for running method was 0.5700006484985352
2018-09-20 16:08:28,862	event_handler.py	117	__init__	DEBUG	Start EventHandler: event_handler
2018-09-20 16:08:28,862	event_handler.py	152	_load_mapping_objects	DEBUG	Loading mapping files from pickle file.
2018-09-20 16:08:29,752	event_handler.py	128	__init__	DEBUG	Time for mapping: 0.8900012969970703
2018-09-20 16:08:29,782	event_handler.py	133	__init__	DEBUG	Time for initiating EventHandler: 0.9200012683868408
2018-09-20 16:08:29,782	event_handler.py	50	f	DEBUG	Start: "request_workspace_result"
2018-09-20 16:08:29,822	event_handler.py	2944	load_workspace	DEBUG	Trying to load new workspace "fccc7645-8501-4541-975b-bdcfb40a5092" with alias "New test workspace"
2018-09-20 16:08:30,292	event_handler.py	2962	load_workspace	INFO	Workspace "fccc7645-8501-4541-975b-bdcfb40a5092" with alias "New test workspace loaded."
2018-09-20 16:08:30,342	event_handler.py	2955	load_workspace	DEBUG	Workspace "fccc7645-8501-4541-975b-bdcfb40a5092" with alias "New test workspace" is already loaded. Set reload=True if you want to reload the workspace.
2018-09-20 16:10:12,175	event_handler.py	117	__init__	DEBUG	Start EventHandler: event_handler
2018-09-20 16:10:12,175	event_handler.py	152	_load_mapping_objects	DEBUG	Loading mapping files from pickle file.
2018-09-20 16:10:13,015	event_handler.py	128	__init__	DEBUG	Time for mapping: 0.840001106262207
2018-09-20 16:10:13,045	event_handler.py	133	__init__	DEBUG	Time for initiating EventHandler: 0.8700010776519775
2018-09-20 16:10:13,055	event_handler.py	50	f	DEBUG	Start: "request_workspace_result"
2018-09-20 16:10:13,095	event_handler.py	2947	load_workspace	DEBUG	Trying to load new workspace "fccc7645-8501-4541-975b-bdcfb40a5092" with alias "New test workspace"
2018-09-20 16:10:13,575	event_handler.py	2965	load_workspace	INFO	Workspace "fccc7645-8501-4541-975b-bdcfb40a5092" with alias "New test workspace loaded."
2018-09-20 16:10:13,635	event_handler.py	2958	load_workspace	DEBUG	Workspace "fccc7645-8501-4541-975b-bdcfb40a5092" with alias "New test workspace" is already loaded. Set reload=True if you want to reload the workspace.
2018-09-20 16:10:26,151	event_handler.py	54	f	DEBUG	Stop: "request_workspace_result". Time for running method was 13.09604811668396
2018-09-20 16:40:55,454	event_handler.py	117	__init__	DEBUG	Start EventHandler: event_handler
2018-09-20 16:40:55,464	event_handler.py	152	_load_mapping_objects	DEBUG	Loading mapping files from pickle file.
2018-09-20 16:40:56,205	event_handler.py	128	__init__	DEBUG	Time for mapping: 0.7510011196136475
2018-09-20 16:40:56,235	event_handler.py	133	__init__	DEBUG	Time for initiating EventHandler: 0.7810013294219971
2018-09-20 16:40:56,235	event_handler.py	50	f	DEBUG	Start: "request_subset_calculate_status"
2018-09-20 16:40:56,245	event_handler.py	3255	request_subset_calculate_status	DEBUG	Start: request_subset_calculate_status
2018-09-20 16:40:56,275	event_handler.py	2947	load_workspace	DEBUG	Trying to load new workspace "fccc7645-8501-4541-975b-bdcfb40a5092" with alias "New test workspace"
2018-09-20 16:40:56,675	event_handler.py	2965	load_workspace	INFO	Workspace "fccc7645-8501-4541-975b-bdcfb40a5092" with alias "New test workspace loaded."
2018-09-20 16:40:56,785	event_handler.py	2958	load_workspace	DEBUG	Workspace "fccc7645-8501-4541-975b-bdcfb40a5092" with alias "New test workspace" is already loaded. Set reload=True if you want to reload the workspace.
2018-09-20 16:40:56,815	event_handler.py	2958	load_workspace	DEBUG	Workspace "fccc7645-8501-4541-975b-bdcfb40a5092" with alias "New test workspace" is already loaded. Set reload=True if you want to reload the workspace.
2018-09-20 16:40:56,905	event_handler.py	2958	load_workspace	DEBUG	Workspace "fccc7645-8501-4541-975b-bdcfb40a5092" with alias "New test workspace" is already loaded. Set reload=True if you want to reload the workspace.
2018-09-20 16:44:34,751	logger.py	85	add_log	DEBUG	
2018-09-20 16:44:34,751	logger.py	86	add_log	DEBUG	========================================================================================================================
2018-09-20 16:44:34,761	logger.py	87	add_log	DEBUG	### Log added for log_id "event_handler" at locaton: ..\log\main_event_handler.log
2018-09-20 16:44:34,761	logger.py	88	add_log	DEBUG	------------------------------------------------------------------------------------------------------------------------
2018-09-20 16:44:34,761	event_handler.py	117	__init__	DEBUG	Start EventHandler: event_handler
2018-09-20 16:44:34,771	event_handler.py	152	_load_mapping_objects	DEBUG	Loading mapping files from pickle file.
2018-09-20 16:44:35,551	event_handler.py	128	__init__	DEBUG	Time for mapping: 0.7800009250640869
2018-09-20 16:44:35,581	event_handler.py	133	__init__	DEBUG	Time for initiating EventHandler: 0.8300011157989502
2018-09-20 16:44:35,581	event_handler.py	50	f	DEBUG	Start: "test_timer"
2018-09-20 16:44:36,401	event_handler.py	54	f	DEBUG	Stop: "test_timer". Time for running method was 0.8200008869171143
2018-09-20 16:45:04,791	event_handler.py	117	__init__	DEBUG	Start EventHandler: event_handler
2018-09-20 16:45:04,801	event_handler.py	152	_load_mapping_objects	DEBUG	Loading mapping files from pickle file.
2018-09-20 16:45:05,531	event_handler.py	128	__init__	DEBUG	Time for mapping: 0.7300012111663818
2018-09-20 16:45:05,561	event_handler.py	133	__init__	DEBUG	Time for initiating EventHandler: 0.7700009346008301
2018-09-20 16:45:05,571	event_handler.py	50	f	DEBUG	Start: "request_workspace_result"
2018-09-20 16:45:05,611	event_handler.py	2947	load_workspace	DEBUG	Trying to load new workspace "fccc7645-8501-4541-975b-bdcfb40a5092" with alias "New test workspace"
2018-09-20 16:45:06,185	event_handler.py	2965	load_workspace	INFO	Workspace "fccc7645-8501-4541-975b-bdcfb40a5092" with alias "New test workspace loaded."
2018-09-20 16:45:06,245	event_handler.py	2958	load_workspace	DEBUG	Workspace "fccc7645-8501-4541-975b-bdcfb40a5092" with alias "New test workspace" is already loaded. Set reload=True if you want to reload the workspace.
2018-09-20 16:45:06,315	event_handler.py	54	f	DEBUG	Stop: "request_workspace_result". Time for running method was 0.7340035438537598
2018-09-20 16:45:18,075	event_handler.py	117	__init__	DEBUG	Start EventHandler: event_handler
2018-09-20 16:45:18,085	event_handler.py	152	_load_mapping_objects	DEBUG	Loading mapping files from pickle file.
2018-09-20 16:45:18,825	event_handler.py	128	__init__	DEBUG	Time for mapping: 0.7400014400482178
2018-09-20 16:45:18,855	event_handler.py	133	__init__	DEBUG	Time for initiating EventHandler: 0.7800009250640869
2018-09-20 16:45:18,855	event_handler.py	50	f	DEBUG	Start: "request_subset_calculate_status"
2018-09-20 16:45:18,865	event_handler.py	3259	request_subset_calculate_status	DEBUG	Start: request_subset_calculate_status
2018-09-20 16:45:18,895	event_handler.py	2947	load_workspace	DEBUG	Trying to load new workspace "fccc7645-8501-4541-975b-bdcfb40a5092" with alias "New test workspace"
2018-09-20 16:45:19,345	event_handler.py	2965	load_workspace	INFO	Workspace "fccc7645-8501-4541-975b-bdcfb40a5092" with alias "New test workspace loaded."
2018-09-20 16:45:19,465	event_handler.py	2958	load_workspace	DEBUG	Workspace "fccc7645-8501-4541-975b-bdcfb40a5092" with alias "New test workspace" is already loaded. Set reload=True if you want to reload the workspace.
2018-09-20 16:45:19,495	event_handler.py	2958	load_workspace	DEBUG	Workspace "fccc7645-8501-4541-975b-bdcfb40a5092" with alias "New test workspace" is already loaded. Set reload=True if you want to reload the workspace.
2018-09-20 16:45:19,607	event_handler.py	2958	load_workspace	DEBUG	Workspace "fccc7645-8501-4541-975b-bdcfb40a5092" with alias "New test workspace" is already loaded. Set reload=True if you want to reload the workspace.
2018-09-20 16:47:54,739	event_handler.py	54	f	DEBUG	Stop: "request_subset_calculate_status". Time for running method was 418.4938681125641
2018-09-20 16:48:01,629	logger.py	85	add_log	DEBUG	
2018-09-20 16:48:01,629	logger.py	86	add_log	DEBUG	========================================================================================================================
2018-09-20 16:48:01,639	logger.py	87	add_log	DEBUG	### Log added for log_id "event_handler" at locaton: ..\log\main_event_handler.log
2018-09-20 16:48:01,639	logger.py	88	add_log	DEBUG	------------------------------------------------------------------------------------------------------------------------
2018-09-20 16:48:01,639	event_handler.py	117	__init__	DEBUG	Start EventHandler: event_handler
2018-09-20 16:48:01,649	event_handler.py	152	_load_mapping_objects	DEBUG	Loading mapping files from pickle file.
2018-09-20 16:48:02,459	event_handler.py	128	__init__	DEBUG	Time for mapping: 0.8100011348724365
2018-09-20 16:48:02,489	event_handler.py	133	__init__	DEBUG	Time for initiating EventHandler: 0.8600013256072998
2018-09-20 16:48:02,499	event_handler.py	50	f	DEBUG	Start: "test_timer"
2018-09-20 16:48:03,259	event_handler.py	54	f	DEBUG	Stop: "test_timer". Time for running method was 0.7600009441375732
2018-09-20 16:51:51,869	event_handler.py	54	f	DEBUG	Stop: "request_subset_calculate_status". Time for running method was 393.003865480423
2018-09-20 16:53:27,958	event_handler.py	117	__init__	DEBUG	Start EventHandler: event_handler
2018-09-20 16:53:27,958	event_handler.py	152	_load_mapping_objects	DEBUG	Loading mapping files from pickle file.
2018-09-20 16:53:28,688	event_handler.py	128	__init__	DEBUG	Time for mapping: 0.7300009727478027
2018-09-20 16:53:28,718	event_handler.py	133	__init__	DEBUG	Time for initiating EventHandler: 0.7600011825561523
2018-09-20 16:53:28,728	event_handler.py	50	f	DEBUG	Start: "request_workspace_result"
2018-09-20 16:53:28,758	event_handler.py	2966	load_workspace	DEBUG	Trying to load new workspace "fccc7645-8501-4541-975b-bdcfb40a5092" with alias "New test workspace"
2018-09-20 16:53:29,198	event_handler.py	2984	load_workspace	INFO	Workspace "fccc7645-8501-4541-975b-bdcfb40a5092" with alias "New test workspace loaded."
2018-09-20 16:53:29,248	event_handler.py	2977	load_workspace	DEBUG	Workspace "fccc7645-8501-4541-975b-bdcfb40a5092" with alias "New test workspace" is already loaded. Set reload=True if you want to reload the workspace.
2018-09-20 16:57:00,275	event_handler.py	117	__init__	DEBUG	Start EventHandler: event_handler
2018-09-20 16:57:00,285	event_handler.py	152	_load_mapping_objects	DEBUG	Loading mapping files from pickle file.
2018-09-20 16:57:00,975	event_handler.py	128	__init__	DEBUG	Time for mapping: 0.6900010108947754
2018-09-20 16:57:01,267	event_handler.py	133	__init__	DEBUG	Time for initiating EventHandler: 0.9920024871826172
2018-09-20 16:57:01,277	event_handler.py	50	f	DEBUG	Start: "request_workspace_result"
2018-09-20 16:57:01,307	event_handler.py	2969	load_workspace	DEBUG	Trying to load new workspace "fccc7645-8501-4541-975b-bdcfb40a5092" with alias "New test workspace"
2018-09-20 16:57:01,777	event_handler.py	2987	load_workspace	INFO	Workspace "fccc7645-8501-4541-975b-bdcfb40a5092" with alias "New test workspace loaded."
2018-09-20 16:57:01,837	event_handler.py	2980	load_workspace	DEBUG	Workspace "fccc7645-8501-4541-975b-bdcfb40a5092" with alias "New test workspace" is already loaded. Set reload=True if you want to reload the workspace.
2018-09-20 16:57:15,647	event_handler.py	54	f	DEBUG	Stop: "request_workspace_result". Time for running method was 14.370019674301147
2018-09-20 16:58:01,121	event_handler.py	117	__init__	DEBUG	Start EventHandler: event_handler
2018-09-20 16:58:01,131	event_handler.py	152	_load_mapping_objects	DEBUG	Loading mapping files from pickle file.
2018-09-20 16:58:01,881	event_handler.py	128	__init__	DEBUG	Time for mapping: 0.7500009536743164
2018-09-20 16:58:01,911	event_handler.py	133	__init__	DEBUG	Time for initiating EventHandler: 0.7900011539459229
2018-09-20 16:58:01,921	event_handler.py	50	f	DEBUG	Start: "request_workspace_result"
2018-09-20 16:58:01,951	event_handler.py	2969	load_workspace	DEBUG	Trying to load new workspace "fccc7645-8501-4541-975b-bdcfb40a5092" with alias "New test workspace"
2018-09-20 16:58:02,421	event_handler.py	2987	load_workspace	INFO	Workspace "fccc7645-8501-4541-975b-bdcfb40a5092" with alias "New test workspace loaded."
2018-09-20 16:58:02,471	event_handler.py	2980	load_workspace	DEBUG	Workspace "fccc7645-8501-4541-975b-bdcfb40a5092" with alias "New test workspace" is already loaded. Set reload=True if you want to reload the workspace.
2018-09-20 16:58:16,491	event_handler.py	54	f	DEBUG	Stop: "request_workspace_result". Time for running method was 14.570020198822021
2018-09-20 17:00:13,143	event_handler.py	117	__init__	DEBUG	Start EventHandler: event_handler
2018-09-20 17:00:13,153	event_handler.py	152	_load_mapping_objects	DEBUG	Loading mapping files from pickle file.
2018-09-20 17:00:13,853	event_handler.py	128	__init__	DEBUG	Time for mapping: 0.7000010013580322
2018-09-20 17:00:13,883	event_handler.py	133	__init__	DEBUG	Time for initiating EventHandler: 0.7400009632110596
2018-09-20 17:00:13,883	event_handler.py	50	f	DEBUG	Start: "request_workspace_result"
2018-09-20 17:00:13,923	event_handler.py	2970	load_workspace	DEBUG	Trying to load new workspace "fccc7645-8501-4541-975b-bdcfb40a5092" with alias "New test workspace"
2018-09-20 17:00:14,323	event_handler.py	2988	load_workspace	INFO	Workspace "fccc7645-8501-4541-975b-bdcfb40a5092" with alias "New test workspace loaded."
2018-09-20 17:00:14,373	event_handler.py	2981	load_workspace	DEBUG	Workspace "fccc7645-8501-4541-975b-bdcfb40a5092" with alias "New test workspace" is already loaded. Set reload=True if you want to reload the workspace.
2018-09-20 17:00:14,563	event_handler.py	54	f	DEBUG	Stop: "request_workspace_result". Time for running method was 0.6700010299682617
2018-09-20 17:01:04,171	event_handler.py	117	__init__	DEBUG	Start EventHandler: event_handler
2018-09-20 17:01:04,181	event_handler.py	152	_load_mapping_objects	DEBUG	Loading mapping files from pickle file.
2018-09-20 17:01:04,841	event_handler.py	128	__init__	DEBUG	Time for mapping: 0.6600010395050049
2018-09-20 17:01:04,871	event_handler.py	133	__init__	DEBUG	Time for initiating EventHandler: 0.7000007629394531
2018-09-20 17:01:04,871	event_handler.py	50	f	DEBUG	Start: "request_workspace_result"
2018-09-20 17:01:04,911	event_handler.py	2970	load_workspace	DEBUG	Trying to load new workspace "fccc7645-8501-4541-975b-bdcfb40a5092" with alias "New test workspace"
2018-09-20 17:01:05,311	event_handler.py	2988	load_workspace	INFO	Workspace "fccc7645-8501-4541-975b-bdcfb40a5092" with alias "New test workspace loaded."
2018-09-20 17:01:05,361	event_handler.py	2981	load_workspace	DEBUG	Workspace "fccc7645-8501-4541-975b-bdcfb40a5092" with alias "New test workspace" is already loaded. Set reload=True if you want to reload the workspace.
2018-09-20 17:01:05,421	event_handler.py	54	f	DEBUG	Stop: "request_workspace_result". Time for running method was 0.5400006771087646
2018-09-20 17:04:41,350	event_handler.py	117	__init__	DEBUG	Start EventHandler: event_handler
2018-09-20 17:04:41,360	event_handler.py	152	_load_mapping_objects	DEBUG	Loading mapping files from pickle file.
2018-09-20 17:04:42,150	event_handler.py	128	__init__	DEBUG	Time for mapping: 0.7900011539459229
2018-09-20 17:04:42,180	event_handler.py	133	__init__	DEBUG	Time for initiating EventHandler: 0.8300008773803711
2018-09-20 17:04:42,180	event_handler.py	50	f	DEBUG	Start: "request_workspace_result"
2018-09-20 17:04:42,210	event_handler.py	2970	load_workspace	DEBUG	Trying to load new workspace "fccc7645-8501-4541-975b-bdcfb40a5092" with alias "New test workspace"
2018-09-20 17:04:42,660	event_handler.py	2988	load_workspace	INFO	Workspace "fccc7645-8501-4541-975b-bdcfb40a5092" with alias "New test workspace loaded."
2018-09-20 17:04:42,710	event_handler.py	2981	load_workspace	DEBUG	Workspace "fccc7645-8501-4541-975b-bdcfb40a5092" with alias "New test workspace" is already loaded. Set reload=True if you want to reload the workspace.
2018-09-20 17:04:54,480	event_handler.py	54	f	DEBUG	Stop: "request_workspace_result". Time for running method was 12.300017356872559
2018-09-20 17:21:55,943	event_handler.py	117	__init__	DEBUG	Start EventHandler: event_handler
2018-09-20 17:21:55,953	event_handler.py	152	_load_mapping_objects	DEBUG	Loading mapping files from pickle file.
2018-09-20 17:21:56,913	event_handler.py	128	__init__	DEBUG	Time for mapping: 0.9600012302398682
2018-09-20 17:21:56,953	event_handler.py	133	__init__	DEBUG	Time for initiating EventHandler: 1.0100014209747314
2018-09-20 17:21:56,953	event_handler.py	50	f	DEBUG	Start: "request_subset_calculate_status"
2018-09-20 17:21:56,963	event_handler.py	3259	request_subset_calculate_status	DEBUG	Start: request_subset_calculate_status
2018-09-20 17:21:57,003	event_handler.py	2970	load_workspace	DEBUG	Trying to load new workspace "fccc7645-8501-4541-975b-bdcfb40a5092" with alias "New test workspace"
2018-09-20 17:21:57,513	event_handler.py	2988	load_workspace	INFO	Workspace "fccc7645-8501-4541-975b-bdcfb40a5092" with alias "New test workspace loaded."
2018-09-20 17:21:57,643	event_handler.py	2981	load_workspace	DEBUG	Workspace "fccc7645-8501-4541-975b-bdcfb40a5092" with alias "New test workspace" is already loaded. Set reload=True if you want to reload the workspace.
2018-09-20 17:21:57,683	event_handler.py	2981	load_workspace	DEBUG	Workspace "fccc7645-8501-4541-975b-bdcfb40a5092" with alias "New test workspace" is already loaded. Set reload=True if you want to reload the workspace.
2018-09-20 17:21:57,793	event_handler.py	2981	load_workspace	DEBUG	Workspace "fccc7645-8501-4541-975b-bdcfb40a5092" with alias "New test workspace" is already loaded. Set reload=True if you want to reload the workspace.
2018-09-20 17:22:13,163	logger.py	85	add_log	DEBUG	
2018-09-20 17:22:13,163	logger.py	86	add_log	DEBUG	========================================================================================================================
2018-09-20 17:22:13,173	logger.py	87	add_log	DEBUG	### Log added for log_id "event_handler" at locaton: ..\log\main_event_handler.log
2018-09-20 17:22:13,173	logger.py	88	add_log	DEBUG	------------------------------------------------------------------------------------------------------------------------
2018-09-20 17:22:13,173	event_handler.py	117	__init__	DEBUG	Start EventHandler: event_handler
2018-09-20 17:22:13,183	event_handler.py	152	_load_mapping_objects	DEBUG	Loading mapping files from pickle file.
2018-09-20 17:22:14,043	event_handler.py	128	__init__	DEBUG	Time for mapping: 0.8600013256072998
2018-09-20 17:22:14,073	event_handler.py	133	__init__	DEBUG	Time for initiating EventHandler: 0.9100015163421631
2018-09-20 17:22:14,073	event_handler.py	50	f	DEBUG	Start: "test_timer"
2018-09-20 17:22:14,883	event_handler.py	54	f	DEBUG	Stop: "test_timer". Time for running method was 0.8000011444091797
2018-09-20 17:22:33,263	event_handler.py	117	__init__	DEBUG	Start EventHandler: event_handler
2018-09-20 17:22:33,263	event_handler.py	152	_load_mapping_objects	DEBUG	Loading mapping files from pickle file.
2018-09-20 17:22:34,073	event_handler.py	128	__init__	DEBUG	Time for mapping: 0.8100011348724365
2018-09-20 17:22:34,103	event_handler.py	133	__init__	DEBUG	Time for initiating EventHandler: 0.8500010967254639
2018-09-20 17:22:34,113	event_handler.py	50	f	DEBUG	Start: "request_subset_calculate_status"
2018-09-20 17:22:34,123	event_handler.py	3282	request_subset_calculate_status	DEBUG	Start: request_subset_calculate_status
2018-09-20 17:22:34,153	event_handler.py	2970	load_workspace	DEBUG	Trying to load new workspace "fccc7645-8501-4541-975b-bdcfb40a5092" with alias "New test workspace"
2018-09-20 17:22:34,693	event_handler.py	2988	load_workspace	INFO	Workspace "fccc7645-8501-4541-975b-bdcfb40a5092" with alias "New test workspace loaded."
2018-09-20 17:22:34,823	event_handler.py	2981	load_workspace	DEBUG	Workspace "fccc7645-8501-4541-975b-bdcfb40a5092" with alias "New test workspace" is already loaded. Set reload=True if you want to reload the workspace.
2018-09-20 17:22:34,863	event_handler.py	2981	load_workspace	DEBUG	Workspace "fccc7645-8501-4541-975b-bdcfb40a5092" with alias "New test workspace" is already loaded. Set reload=True if you want to reload the workspace.
2018-09-20 17:22:34,973	event_handler.py	2981	load_workspace	DEBUG	Workspace "fccc7645-8501-4541-975b-bdcfb40a5092" with alias "New test workspace" is already loaded. Set reload=True if you want to reload the workspace.
