2018-02-01 15:19:50,142	logger.py	85	add_log	DEBUG	
2018-02-01 15:19:50,142	logger.py	86	add_log	DEBUG	========================================================================================================================
2018-02-01 15:19:50,142	logger.py	87	add_log	DEBUG	### Log added for log_id "8d254cdf-b1ec-401c-baa7-6ec5e4ca59e8" at locaton: D:\Utveckling\git\ekostat_calculator\workspaces\default\log\subset_8d254cdf-b1ec-401c-baa7-6ec5e4ca59e8.log
2018-02-01 15:19:50,142	logger.py	88	add_log	DEBUG	------------------------------------------------------------------------------------------------------------------------
2018-02-01 15:23:43,288	logger.py	85	add_log	DEBUG	
2018-02-01 15:23:43,288	logger.py	86	add_log	DEBUG	========================================================================================================================
2018-02-01 15:23:43,289	logger.py	87	add_log	DEBUG	### Log added for log_id "8d254cdf-b1ec-401c-baa7-6ec5e4ca59e8" at locaton: D:\Utveckling\git\ekostat_calculator\workspaces\default\log\subset_8d254cdf-b1ec-401c-baa7-6ec5e4ca59e8.log
2018-02-01 15:23:43,289	logger.py	88	add_log	DEBUG	------------------------------------------------------------------------------------------------------------------------
2018-02-01 15:23:51,863	logger.py	85	add_log	DEBUG	
2018-02-01 15:23:51,863	logger.py	86	add_log	DEBUG	========================================================================================================================
2018-02-01 15:23:51,864	logger.py	87	add_log	DEBUG	### Log added for log_id "8d254cdf-b1ec-401c-baa7-6ec5e4ca59e8" at locaton: D:\Utveckling\git\ekostat_calculator\workspaces\default\log\subset_8d254cdf-b1ec-401c-baa7-6ec5e4ca59e8.log
2018-02-01 15:23:51,864	logger.py	88	add_log	DEBUG	------------------------------------------------------------------------------------------------------------------------
2018-02-01 15:25:24,459	logger.py	85	add_log	DEBUG	
2018-02-01 15:25:24,460	logger.py	86	add_log	DEBUG	========================================================================================================================
2018-02-01 15:25:24,460	logger.py	87	add_log	DEBUG	### Log added for log_id "8d254cdf-b1ec-401c-baa7-6ec5e4ca59e8" at locaton: D:\Utveckling\git\ekostat_calculator\workspaces\default\log\subset_8d254cdf-b1ec-401c-baa7-6ec5e4ca59e8.log
2018-02-01 15:25:24,460	logger.py	88	add_log	DEBUG	------------------------------------------------------------------------------------------------------------------------
2018-02-01 15:26:49,536	logger.py	85	add_log	DEBUG	
2018-02-01 15:26:49,536	logger.py	86	add_log	DEBUG	========================================================================================================================
2018-02-01 15:26:49,536	logger.py	87	add_log	DEBUG	### Log added for log_id "8d254cdf-b1ec-401c-baa7-6ec5e4ca59e8" at locaton: D:\Utveckling\git\ekostat_calculator\workspaces\default\log\subset_8d254cdf-b1ec-401c-baa7-6ec5e4ca59e8.log
2018-02-01 15:26:49,537	logger.py	88	add_log	DEBUG	------------------------------------------------------------------------------------------------------------------------
2018-02-01 15:27:54,783	logger.py	85	add_log	DEBUG	
2018-02-01 15:27:54,783	logger.py	86	add_log	DEBUG	========================================================================================================================
2018-02-01 15:27:54,783	logger.py	87	add_log	DEBUG	### Log added for log_id "8d254cdf-b1ec-401c-baa7-6ec5e4ca59e8" at locaton: D:\Utveckling\git\ekostat_calculator\workspaces\default\log\subset_8d254cdf-b1ec-401c-baa7-6ec5e4ca59e8.log
2018-02-01 15:27:54,783	logger.py	88	add_log	DEBUG	------------------------------------------------------------------------------------------------------------------------
2018-02-01 15:28:17,370	logger.py	85	add_log	DEBUG	
2018-02-01 15:28:17,370	logger.py	86	add_log	DEBUG	========================================================================================================================
2018-02-01 15:28:17,370	logger.py	87	add_log	DEBUG	### Log added for log_id "8d254cdf-b1ec-401c-baa7-6ec5e4ca59e8" at locaton: D:\Utveckling\git\ekostat_calculator\workspaces\default\log\subset_8d254cdf-b1ec-401c-baa7-6ec5e4ca59e8.log
2018-02-01 15:28:17,370	logger.py	88	add_log	DEBUG	------------------------------------------------------------------------------------------------------------------------
2018-02-01 15:29:22,538	logger.py	85	add_log	DEBUG	
2018-02-01 15:29:22,538	logger.py	86	add_log	DEBUG	========================================================================================================================
2018-02-01 15:29:22,538	logger.py	87	add_log	DEBUG	### Log added for log_id "8d254cdf-b1ec-401c-baa7-6ec5e4ca59e8" at locaton: D:\Utveckling\git\ekostat_calculator\workspaces\default\log\subset_8d254cdf-b1ec-401c-baa7-6ec5e4ca59e8.log
2018-02-01 15:29:22,539	logger.py	88	add_log	DEBUG	------------------------------------------------------------------------------------------------------------------------
2018-02-01 15:30:32,336	logger.py	85	add_log	DEBUG	
2018-02-01 15:30:32,336	logger.py	86	add_log	DEBUG	========================================================================================================================
2018-02-01 15:30:32,336	logger.py	87	add_log	DEBUG	### Log added for log_id "8d254cdf-b1ec-401c-baa7-6ec5e4ca59e8" at locaton: D:\Utveckling\git\ekostat_calculator\workspaces\default\log\subset_8d254cdf-b1ec-401c-baa7-6ec5e4ca59e8.log
2018-02-01 15:30:32,336	logger.py	88	add_log	DEBUG	------------------------------------------------------------------------------------------------------------------------
2018-02-01 15:31:27,926	logger.py	85	add_log	DEBUG	
2018-02-01 15:31:27,926	logger.py	86	add_log	DEBUG	========================================================================================================================
2018-02-01 15:31:27,926	logger.py	87	add_log	DEBUG	### Log added for log_id "8d254cdf-b1ec-401c-baa7-6ec5e4ca59e8" at locaton: D:\Utveckling\git\ekostat_calculator\workspaces\default\log\subset_8d254cdf-b1ec-401c-baa7-6ec5e4ca59e8.log
2018-02-01 15:31:27,926	logger.py	88	add_log	DEBUG	------------------------------------------------------------------------------------------------------------------------
2018-02-01 15:32:26,208	logger.py	85	add_log	DEBUG	
2018-02-01 15:32:26,208	logger.py	86	add_log	DEBUG	========================================================================================================================
2018-02-01 15:32:26,208	logger.py	87	add_log	DEBUG	### Log added for log_id "8d254cdf-b1ec-401c-baa7-6ec5e4ca59e8" at locaton: D:\Utveckling\git\ekostat_calculator\workspaces\default\log\subset_8d254cdf-b1ec-401c-baa7-6ec5e4ca59e8.log
2018-02-01 15:32:26,208	logger.py	88	add_log	DEBUG	------------------------------------------------------------------------------------------------------------------------
2018-02-01 15:35:58,520	logger.py	85	add_log	DEBUG	
2018-02-01 15:35:58,521	logger.py	86	add_log	DEBUG	========================================================================================================================
2018-02-01 15:35:58,521	logger.py	87	add_log	DEBUG	### Log added for log_id "8d254cdf-b1ec-401c-baa7-6ec5e4ca59e8" at locaton: D:\Utveckling\git\ekostat_calculator\workspaces\default\log\subset_8d254cdf-b1ec-401c-baa7-6ec5e4ca59e8.log
2018-02-01 15:35:58,521	logger.py	88	add_log	DEBUG	------------------------------------------------------------------------------------------------------------------------
2018-02-01 16:12:05,581	logger.py	85	add_log	DEBUG	
2018-02-01 16:12:05,581	logger.py	86	add_log	DEBUG	========================================================================================================================
2018-02-01 16:12:05,581	logger.py	87	add_log	DEBUG	### Log added for log_id "8d254cdf-b1ec-401c-baa7-6ec5e4ca59e8" at locaton: D:\Utveckling\git\ekostat_calculator\workspaces\default\log\subset_8d254cdf-b1ec-401c-baa7-6ec5e4ca59e8.log
2018-02-01 16:12:05,582	logger.py	88	add_log	DEBUG	------------------------------------------------------------------------------------------------------------------------
2018-02-01 16:16:41,754	logger.py	85	add_log	DEBUG	
2018-02-01 16:16:41,754	logger.py	86	add_log	DEBUG	========================================================================================================================
2018-02-01 16:16:41,754	logger.py	87	add_log	DEBUG	### Log added for log_id "8d254cdf-b1ec-401c-baa7-6ec5e4ca59e8" at locaton: D:\Utveckling\git\ekostat_calculator\workspaces\default\log\subset_8d254cdf-b1ec-401c-baa7-6ec5e4ca59e8.log
2018-02-01 16:16:41,755	logger.py	88	add_log	DEBUG	------------------------------------------------------------------------------------------------------------------------
2018-02-01 16:20:01,819	logger.py	85	add_log	DEBUG	
2018-02-01 16:20:01,820	logger.py	86	add_log	DEBUG	========================================================================================================================
2018-02-01 16:20:01,820	logger.py	87	add_log	DEBUG	### Log added for log_id "8d254cdf-b1ec-401c-baa7-6ec5e4ca59e8" at locaton: D:\Utveckling\git\ekostat_calculator\workspaces\default\log\subset_8d254cdf-b1ec-401c-baa7-6ec5e4ca59e8.log
2018-02-01 16:20:01,820	logger.py	88	add_log	DEBUG	------------------------------------------------------------------------------------------------------------------------
2018-02-01 16:20:31,564	logger.py	85	add_log	DEBUG	
2018-02-01 16:20:31,564	logger.py	86	add_log	DEBUG	========================================================================================================================
2018-02-01 16:20:31,564	logger.py	87	add_log	DEBUG	### Log added for log_id "8d254cdf-b1ec-401c-baa7-6ec5e4ca59e8" at locaton: D:\Utveckling\git\ekostat_calculator\workspaces\default\log\subset_8d254cdf-b1ec-401c-baa7-6ec5e4ca59e8.log
2018-02-01 16:20:31,564	logger.py	88	add_log	DEBUG	------------------------------------------------------------------------------------------------------------------------
2018-02-01 16:21:50,897	logger.py	85	add_log	DEBUG	
2018-02-01 16:21:50,897	logger.py	86	add_log	DEBUG	========================================================================================================================
2018-02-01 16:21:50,898	logger.py	87	add_log	DEBUG	### Log added for log_id "8d254cdf-b1ec-401c-baa7-6ec5e4ca59e8" at locaton: D:\Utveckling\git\ekostat_calculator\workspaces\default\log\subset_8d254cdf-b1ec-401c-baa7-6ec5e4ca59e8.log
2018-02-01 16:21:50,898	logger.py	88	add_log	DEBUG	------------------------------------------------------------------------------------------------------------------------
2018-02-01 16:22:43,385	logger.py	85	add_log	DEBUG	
2018-02-01 16:22:43,385	logger.py	86	add_log	DEBUG	========================================================================================================================
2018-02-01 16:22:43,385	logger.py	87	add_log	DEBUG	### Log added for log_id "8d254cdf-b1ec-401c-baa7-6ec5e4ca59e8" at locaton: D:\Utveckling\git\ekostat_calculator\workspaces\default\log\subset_8d254cdf-b1ec-401c-baa7-6ec5e4ca59e8.log
2018-02-01 16:22:43,386	logger.py	88	add_log	DEBUG	------------------------------------------------------------------------------------------------------------------------
2018-02-01 16:24:48,942	logger.py	85	add_log	DEBUG	
2018-02-01 16:24:48,943	logger.py	86	add_log	DEBUG	========================================================================================================================
2018-02-01 16:24:48,943	logger.py	87	add_log	DEBUG	### Log added for log_id "8d254cdf-b1ec-401c-baa7-6ec5e4ca59e8" at locaton: D:\Utveckling\git\ekostat_calculator\workspaces\default\log\subset_8d254cdf-b1ec-401c-baa7-6ec5e4ca59e8.log
2018-02-01 16:24:48,943	logger.py	88	add_log	DEBUG	------------------------------------------------------------------------------------------------------------------------
2018-02-01 16:25:20,996	logger.py	85	add_log	DEBUG	
2018-02-01 16:25:20,996	logger.py	86	add_log	DEBUG	========================================================================================================================
2018-02-01 16:25:20,996	logger.py	87	add_log	DEBUG	### Log added for log_id "8d254cdf-b1ec-401c-baa7-6ec5e4ca59e8" at locaton: D:\Utveckling\git\ekostat_calculator\workspaces\default\log\subset_8d254cdf-b1ec-401c-baa7-6ec5e4ca59e8.log
2018-02-01 16:25:20,996	logger.py	88	add_log	DEBUG	------------------------------------------------------------------------------------------------------------------------
2018-02-02 08:25:02,198	logger.py	85	add_log	DEBUG	
2018-02-02 08:25:02,199	logger.py	86	add_log	DEBUG	========================================================================================================================
2018-02-02 08:25:02,202	logger.py	87	add_log	DEBUG	### Log added for log_id "8d254cdf-b1ec-401c-baa7-6ec5e4ca59e8" at locaton: ..\workspaces\default\log\subset_8d254cdf-b1ec-401c-baa7-6ec5e4ca59e8.log
2018-02-02 08:25:02,208	logger.py	88	add_log	DEBUG	------------------------------------------------------------------------------------------------------------------------
2018-02-02 08:25:36,834	workspaces.py	139	_change_ok	DEBUG	Not allowed to change default workspace!
2018-02-02 08:25:59,435	workspaces.py	139	_change_ok	DEBUG	Not allowed to change default workspace!
2018-02-16 12:56:39,979	logger.py	85	add_log	DEBUG	
2018-02-16 12:56:39,979	logger.py	86	add_log	DEBUG	========================================================================================================================
2018-02-16 12:56:39,979	logger.py	87	add_log	DEBUG	### Log added for log_id "8d254cdf-b1ec-401c-baa7-6ec5e4ca59e8" at locaton: D:\Utveckling\git\ekostat_calculator\workspaces\default\log\subset_8d254cdf-b1ec-401c-baa7-6ec5e4ca59e8.log
2018-02-16 12:56:39,980	logger.py	88	add_log	DEBUG	------------------------------------------------------------------------------------------------------------------------
2018-02-16 13:04:12,741	logger.py	85	add_log	DEBUG	
2018-02-16 13:04:12,741	logger.py	86	add_log	DEBUG	========================================================================================================================
2018-02-16 13:04:12,751	logger.py	87	add_log	DEBUG	### Log added for log_id "8d254cdf-b1ec-401c-baa7-6ec5e4ca59e8" at locaton: D:\Utveckling\git\ekostat_calculator\workspaces\default\log\subset_8d254cdf-b1ec-401c-baa7-6ec5e4ca59e8.log
2018-02-16 13:04:12,751	logger.py	88	add_log	DEBUG	------------------------------------------------------------------------------------------------------------------------
2018-02-16 15:44:06,932	logger.py	85	add_log	DEBUG	
2018-02-16 15:44:06,934	logger.py	86	add_log	DEBUG	========================================================================================================================
2018-02-16 15:44:06,935	logger.py	87	add_log	DEBUG	### Log added for log_id "8d254cdf-b1ec-401c-baa7-6ec5e4ca59e8" at locaton: D:\Utveckling\git\ekostat_calculator\workspaces\default\log\subset_8d254cdf-b1ec-401c-baa7-6ec5e4ca59e8.log
2018-02-16 15:44:06,938	logger.py	88	add_log	DEBUG	------------------------------------------------------------------------------------------------------------------------
