2018-02-23 01:24:48,922	logger.py	85	add_log	DEBUG	
2018-02-23 01:24:48,922	logger.py	86	add_log	DEBUG	========================================================================================================================
2018-02-23 01:24:48,922	logger.py	87	add_log	DEBUG	### Log added for log_id "96cc80f2-43b5-439f-9a06-73d69bb3b720" at locaton: ..\workspaces\96cc80f2-43b5-439f-9a06-73d69bb3b720\log\workspace_96cc80f2-43b5-439f-9a06-73d69bb3b720.log
2018-02-23 01:24:48,932	logger.py	88	add_log	DEBUG	------------------------------------------------------------------------------------------------------------------------
2018-02-23 01:24:50,475	workspaces.py	931	import_default_data	DEBUG	Default data has been copied to workspace raw data folder.
2018-02-23 01:24:52,951	workspaces.py	1385	load_all_data	DEBUG	could not read chlorophyll_integrated_2015_2016_row_format.txt from raw_data directory. Check data type
2018-02-23 01:25:06,729	workspaces.py	1234	get_filtered_data	DEBUG	STEP: step_1
2018-02-23 01:25:06,729	workspaces.py	1234	get_filtered_data	DEBUG	STEP: step_1
2018-02-23 01:25:06,817	workspaces.py	1234	get_filtered_data	DEBUG	STEP: step_1
2018-02-23 01:25:06,819	workspaces.py	1234	get_filtered_data	DEBUG	STEP: step_1
2018-02-23 01:25:06,821	workspaces.py	1234	get_filtered_data	DEBUG	STEP: step_1
2018-02-23 01:25:06,824	workspaces.py	1234	get_filtered_data	DEBUG	STEP: step_1
2018-02-23 01:25:06,828	workspaces.py	1234	get_filtered_data	DEBUG	STEP: step_1
2018-02-23 01:25:06,830	workspaces.py	1234	get_filtered_data	DEBUG	STEP: step_1
2018-02-23 01:25:06,832	workspaces.py	1234	get_filtered_data	DEBUG	STEP: step_1
2018-02-23 01:25:06,836	workspaces.py	1234	get_filtered_data	DEBUG	STEP: step_1
2018-02-23 01:25:06,838	workspaces.py	1234	get_filtered_data	DEBUG	STEP: step_1
2018-02-23 01:25:06,841	workspaces.py	1234	get_filtered_data	DEBUG	STEP: step_1
2018-02-23 01:25:06,867	workspaces.py	1234	get_filtered_data	DEBUG	STEP: step_1
2018-02-23 01:25:06,870	workspaces.py	1234	get_filtered_data	DEBUG	STEP: step_1
2018-02-23 01:25:06,882	workspaces.py	1234	get_filtered_data	DEBUG	STEP: step_1
2018-02-23 01:25:06,885	workspaces.py	1234	get_filtered_data	DEBUG	STEP: step_1
2018-02-23 01:25:06,888	workspaces.py	1234	get_filtered_data	DEBUG	STEP: step_1
2018-02-23 01:25:06,891	workspaces.py	1234	get_filtered_data	DEBUG	STEP: step_1
2018-02-23 01:25:06,894	workspaces.py	1234	get_filtered_data	DEBUG	STEP: step_1
2018-02-23 01:25:06,898	workspaces.py	1234	get_filtered_data	DEBUG	STEP: step_1
2018-02-23 01:25:06,902	workspaces.py	1234	get_filtered_data	DEBUG	STEP: step_1
2018-02-23 01:25:06,907	workspaces.py	1234	get_filtered_data	DEBUG	STEP: step_1
2018-02-23 01:25:06,910	workspaces.py	1234	get_filtered_data	DEBUG	STEP: step_1
2018-02-23 01:25:06,913	workspaces.py	1234	get_filtered_data	DEBUG	STEP: step_1
2018-02-23 01:25:06,935	workspaces.py	1234	get_filtered_data	DEBUG	STEP: step_1
2018-02-23 01:25:06,943	workspaces.py	1234	get_filtered_data	DEBUG	STEP: step_1
2018-02-23 01:25:06,955	workspaces.py	1234	get_filtered_data	DEBUG	STEP: step_1
2018-02-23 01:25:06,957	workspaces.py	1234	get_filtered_data	DEBUG	STEP: step_1
2018-02-23 01:25:06,961	workspaces.py	1234	get_filtered_data	DEBUG	STEP: step_1
2018-02-23 01:25:06,963	workspaces.py	1234	get_filtered_data	DEBUG	STEP: step_1
2018-02-23 01:25:06,966	workspaces.py	1234	get_filtered_data	DEBUG	STEP: step_1
2018-02-23 01:25:06,968	workspaces.py	1234	get_filtered_data	DEBUG	STEP: step_1
2018-02-23 01:25:06,970	workspaces.py	1234	get_filtered_data	DEBUG	STEP: step_1
2018-02-23 01:25:06,973	workspaces.py	1234	get_filtered_data	DEBUG	STEP: step_1
2018-02-23 01:25:06,975	workspaces.py	1234	get_filtered_data	DEBUG	STEP: step_1
2018-02-23 01:25:06,977	workspaces.py	1234	get_filtered_data	DEBUG	STEP: step_1
2018-02-23 01:25:07,008	workspaces.py	1234	get_filtered_data	DEBUG	STEP: step_1
2018-02-23 01:25:07,010	workspaces.py	1234	get_filtered_data	DEBUG	STEP: step_1
2018-02-23 01:25:07,022	workspaces.py	1234	get_filtered_data	DEBUG	STEP: step_1
2018-02-23 01:25:07,027	workspaces.py	1234	get_filtered_data	DEBUG	STEP: step_1
2018-02-23 01:25:07,036	workspaces.py	1234	get_filtered_data	DEBUG	STEP: step_1
2018-02-23 01:25:07,039	workspaces.py	1234	get_filtered_data	DEBUG	STEP: step_1
2018-02-23 01:25:07,042	workspaces.py	1234	get_filtered_data	DEBUG	STEP: step_1
2018-02-23 01:25:07,045	workspaces.py	1234	get_filtered_data	DEBUG	STEP: step_1
2018-02-23 01:25:07,048	workspaces.py	1234	get_filtered_data	DEBUG	STEP: step_1
2018-02-23 01:25:07,051	workspaces.py	1234	get_filtered_data	DEBUG	STEP: step_1
2018-02-23 01:25:07,053	workspaces.py	1234	get_filtered_data	DEBUG	STEP: step_1
2018-02-23 01:25:07,056	workspaces.py	1234	get_filtered_data	DEBUG	STEP: step_1
2018-02-23 01:25:07,081	workspaces.py	1234	get_filtered_data	DEBUG	STEP: step_1
2018-02-23 01:25:07,083	workspaces.py	1234	get_filtered_data	DEBUG	STEP: step_1
2018-02-23 01:25:07,096	workspaces.py	1234	get_filtered_data	DEBUG	STEP: step_1
2018-02-23 01:25:07,099	workspaces.py	1234	get_filtered_data	DEBUG	STEP: step_1
2018-02-23 01:25:07,103	workspaces.py	1234	get_filtered_data	DEBUG	STEP: step_1
2018-02-23 01:25:07,105	workspaces.py	1234	get_filtered_data	DEBUG	STEP: step_1
2018-02-23 01:25:07,110	workspaces.py	1234	get_filtered_data	DEBUG	STEP: step_1
2018-02-23 01:25:07,113	workspaces.py	1234	get_filtered_data	DEBUG	STEP: step_1
2018-02-23 01:25:07,117	workspaces.py	1234	get_filtered_data	DEBUG	STEP: step_1
2018-02-23 01:25:07,121	workspaces.py	1234	get_filtered_data	DEBUG	STEP: step_1
2018-02-23 01:25:07,124	workspaces.py	1234	get_filtered_data	DEBUG	STEP: step_1
2018-02-23 01:25:07,127	workspaces.py	1234	get_filtered_data	DEBUG	STEP: step_1
2018-02-23 01:25:07,154	workspaces.py	1234	get_filtered_data	DEBUG	STEP: step_1
2018-02-23 01:25:07,159	workspaces.py	1234	get_filtered_data	DEBUG	STEP: step_1
2018-02-23 01:25:07,172	workspaces.py	1234	get_filtered_data	DEBUG	STEP: step_1
2018-02-23 01:25:07,175	workspaces.py	1234	get_filtered_data	DEBUG	STEP: step_1
2018-02-23 01:25:07,177	workspaces.py	1234	get_filtered_data	DEBUG	STEP: step_1
2018-02-23 01:25:07,180	workspaces.py	1234	get_filtered_data	DEBUG	STEP: step_1
2018-02-23 01:25:07,182	workspaces.py	1234	get_filtered_data	DEBUG	STEP: step_1
2018-02-23 01:25:07,184	workspaces.py	1234	get_filtered_data	DEBUG	STEP: step_1
2018-02-23 01:25:07,188	workspaces.py	1234	get_filtered_data	DEBUG	STEP: step_1
2018-02-23 01:25:07,191	workspaces.py	1234	get_filtered_data	DEBUG	STEP: step_1
2018-02-23 01:25:07,193	workspaces.py	1234	get_filtered_data	DEBUG	STEP: step_1
2018-02-23 01:25:07,197	workspaces.py	1234	get_filtered_data	DEBUG	STEP: step_1
2018-02-23 01:29:33,983	workspaces.py	1234	get_filtered_data	DEBUG	STEP: step_1
2018-02-23 01:29:33,983	workspaces.py	1234	get_filtered_data	DEBUG	STEP: step_1
2018-02-23 01:29:33,984	workspaces.py	1234	get_filtered_data	DEBUG	STEP: step_1
2018-02-23 01:29:33,984	workspaces.py	1234	get_filtered_data	DEBUG	STEP: step_1
2018-02-23 01:29:33,984	workspaces.py	1234	get_filtered_data	DEBUG	STEP: step_1
2018-02-23 01:29:33,987	workspaces.py	1234	get_filtered_data	DEBUG	STEP: step_1
2018-02-23 01:29:33,990	workspaces.py	1234	get_filtered_data	DEBUG	STEP: step_1
2018-02-23 01:29:33,993	workspaces.py	1234	get_filtered_data	DEBUG	STEP: step_1
2018-02-23 01:29:33,995	workspaces.py	1234	get_filtered_data	DEBUG	STEP: step_1
2018-02-23 01:29:33,998	workspaces.py	1234	get_filtered_data	DEBUG	STEP: step_1
2018-02-23 01:29:34,000	workspaces.py	1234	get_filtered_data	DEBUG	STEP: step_1
2018-02-23 01:29:34,002	workspaces.py	1234	get_filtered_data	DEBUG	STEP: step_1
2018-02-23 01:29:34,028	workspaces.py	1234	get_filtered_data	DEBUG	STEP: step_1
2018-02-23 01:29:34,030	workspaces.py	1234	get_filtered_data	DEBUG	STEP: step_1
2018-02-23 01:29:34,041	workspaces.py	1234	get_filtered_data	DEBUG	STEP: step_1
2018-02-23 01:29:34,044	workspaces.py	1234	get_filtered_data	DEBUG	STEP: step_1
2018-02-23 01:29:34,050	workspaces.py	1234	get_filtered_data	DEBUG	STEP: step_1
2018-02-23 01:29:34,053	workspaces.py	1234	get_filtered_data	DEBUG	STEP: step_1
2018-02-23 01:29:34,056	workspaces.py	1234	get_filtered_data	DEBUG	STEP: step_1
2018-02-23 01:29:34,058	workspaces.py	1234	get_filtered_data	DEBUG	STEP: step_1
2018-02-23 01:29:34,061	workspaces.py	1234	get_filtered_data	DEBUG	STEP: step_1
2018-02-23 01:29:34,064	workspaces.py	1234	get_filtered_data	DEBUG	STEP: step_1
2018-02-23 01:29:34,066	workspaces.py	1234	get_filtered_data	DEBUG	STEP: step_1
2018-02-23 01:29:34,070	workspaces.py	1234	get_filtered_data	DEBUG	STEP: step_1
2018-02-23 01:29:34,095	workspaces.py	1234	get_filtered_data	DEBUG	STEP: step_1
2018-02-23 01:29:34,097	workspaces.py	1234	get_filtered_data	DEBUG	STEP: step_1
2018-02-23 01:29:34,110	workspaces.py	1234	get_filtered_data	DEBUG	STEP: step_1
2018-02-23 01:29:34,112	workspaces.py	1234	get_filtered_data	DEBUG	STEP: step_1
2018-02-23 01:29:34,114	workspaces.py	1234	get_filtered_data	DEBUG	STEP: step_1
2018-02-23 01:29:34,117	workspaces.py	1234	get_filtered_data	DEBUG	STEP: step_1
2018-02-23 01:29:34,120	workspaces.py	1234	get_filtered_data	DEBUG	STEP: step_1
2018-02-23 01:29:34,122	workspaces.py	1234	get_filtered_data	DEBUG	STEP: step_1
2018-02-23 01:29:34,126	workspaces.py	1234	get_filtered_data	DEBUG	STEP: step_1
2018-02-23 01:29:34,130	workspaces.py	1234	get_filtered_data	DEBUG	STEP: step_1
2018-02-23 01:29:34,136	workspaces.py	1234	get_filtered_data	DEBUG	STEP: step_1
2018-02-23 01:29:34,139	workspaces.py	1234	get_filtered_data	DEBUG	STEP: step_1
2018-02-23 01:29:34,168	workspaces.py	1234	get_filtered_data	DEBUG	STEP: step_1
2018-02-23 01:29:34,170	workspaces.py	1234	get_filtered_data	DEBUG	STEP: step_1
2018-02-23 01:29:34,186	workspaces.py	1234	get_filtered_data	DEBUG	STEP: step_1
2018-02-23 01:29:34,190	workspaces.py	1234	get_filtered_data	DEBUG	STEP: step_1
2018-02-23 01:29:34,192	workspaces.py	1234	get_filtered_data	DEBUG	STEP: step_1
2018-02-23 01:29:34,195	workspaces.py	1234	get_filtered_data	DEBUG	STEP: step_1
2018-02-23 01:29:34,198	workspaces.py	1234	get_filtered_data	DEBUG	STEP: step_1
2018-02-23 01:29:34,202	workspaces.py	1234	get_filtered_data	DEBUG	STEP: step_1
2018-02-23 01:29:34,205	workspaces.py	1234	get_filtered_data	DEBUG	STEP: step_1
2018-02-23 01:29:34,209	workspaces.py	1234	get_filtered_data	DEBUG	STEP: step_1
2018-02-23 01:29:34,214	workspaces.py	1234	get_filtered_data	DEBUG	STEP: step_1
2018-02-23 01:29:34,216	workspaces.py	1234	get_filtered_data	DEBUG	STEP: step_1
2018-02-23 01:29:34,240	workspaces.py	1234	get_filtered_data	DEBUG	STEP: step_1
2018-02-23 01:29:34,243	workspaces.py	1234	get_filtered_data	DEBUG	STEP: step_1
2018-02-23 01:29:34,257	workspaces.py	1234	get_filtered_data	DEBUG	STEP: step_1
2018-02-23 01:29:34,260	workspaces.py	1234	get_filtered_data	DEBUG	STEP: step_1
2018-02-23 01:29:34,263	workspaces.py	1234	get_filtered_data	DEBUG	STEP: step_1
2018-02-23 01:29:34,267	workspaces.py	1234	get_filtered_data	DEBUG	STEP: step_1
2018-02-23 01:29:34,273	workspaces.py	1234	get_filtered_data	DEBUG	STEP: step_1
2018-02-23 01:29:34,275	workspaces.py	1234	get_filtered_data	DEBUG	STEP: step_1
2018-02-23 01:29:34,278	workspaces.py	1234	get_filtered_data	DEBUG	STEP: step_1
2018-02-23 01:29:34,280	workspaces.py	1234	get_filtered_data	DEBUG	STEP: step_1
2018-02-23 01:29:34,285	workspaces.py	1234	get_filtered_data	DEBUG	STEP: step_1
2018-02-23 01:29:34,288	workspaces.py	1234	get_filtered_data	DEBUG	STEP: step_1
2018-02-23 01:29:34,315	workspaces.py	1234	get_filtered_data	DEBUG	STEP: step_1
2018-02-23 01:29:34,319	workspaces.py	1234	get_filtered_data	DEBUG	STEP: step_1
2018-02-23 01:29:34,331	workspaces.py	1234	get_filtered_data	DEBUG	STEP: step_1
2018-02-23 01:29:34,335	workspaces.py	1234	get_filtered_data	DEBUG	STEP: step_1
2018-02-23 01:29:34,338	workspaces.py	1234	get_filtered_data	DEBUG	STEP: step_1
2018-02-23 01:29:34,341	workspaces.py	1234	get_filtered_data	DEBUG	STEP: step_1
2018-02-23 01:29:34,345	workspaces.py	1234	get_filtered_data	DEBUG	STEP: step_1
2018-02-23 01:29:34,350	workspaces.py	1234	get_filtered_data	DEBUG	STEP: step_1
2018-02-23 01:29:34,354	workspaces.py	1234	get_filtered_data	DEBUG	STEP: step_1
2018-02-23 01:29:34,356	workspaces.py	1234	get_filtered_data	DEBUG	STEP: step_1
2018-02-23 01:29:34,358	workspaces.py	1234	get_filtered_data	DEBUG	STEP: step_1
2018-02-23 01:29:34,361	workspaces.py	1234	get_filtered_data	DEBUG	STEP: step_1
2018-02-23 01:29:34,399	workspaces.py	1234	get_filtered_data	DEBUG	STEP: step_1
2018-02-23 01:29:34,402	workspaces.py	1234	get_filtered_data	DEBUG	STEP: step_1
2018-02-23 01:29:34,419	workspaces.py	1234	get_filtered_data	DEBUG	STEP: step_1
2018-02-23 01:29:34,422	workspaces.py	1234	get_filtered_data	DEBUG	STEP: step_1
2018-02-23 01:29:34,424	workspaces.py	1234	get_filtered_data	DEBUG	STEP: step_1
2018-02-23 01:29:34,427	workspaces.py	1234	get_filtered_data	DEBUG	STEP: step_1
2018-02-23 01:29:34,430	workspaces.py	1234	get_filtered_data	DEBUG	STEP: step_1
2018-02-23 01:29:34,433	workspaces.py	1234	get_filtered_data	DEBUG	STEP: step_1
2018-02-23 01:29:34,436	workspaces.py	1234	get_filtered_data	DEBUG	STEP: step_1
2018-02-23 01:29:34,441	workspaces.py	1234	get_filtered_data	DEBUG	STEP: step_1
2018-02-23 01:29:34,444	workspaces.py	1234	get_filtered_data	DEBUG	STEP: step_1
2018-02-23 01:29:34,447	workspaces.py	1234	get_filtered_data	DEBUG	STEP: step_1
2018-02-23 01:29:34,472	workspaces.py	1234	get_filtered_data	DEBUG	STEP: step_1
2018-02-23 01:29:34,474	workspaces.py	1234	get_filtered_data	DEBUG	STEP: step_1
2018-02-23 01:29:34,488	workspaces.py	1234	get_filtered_data	DEBUG	STEP: step_1
2018-02-23 01:29:34,491	workspaces.py	1234	get_filtered_data	DEBUG	STEP: step_1
2018-02-23 01:29:34,495	workspaces.py	1234	get_filtered_data	DEBUG	STEP: step_1
2018-02-23 01:29:34,497	workspaces.py	1234	get_filtered_data	DEBUG	STEP: step_1
2018-02-23 01:29:34,502	workspaces.py	1234	get_filtered_data	DEBUG	STEP: step_1
2018-02-23 01:29:34,504	workspaces.py	1234	get_filtered_data	DEBUG	STEP: step_1
2018-02-23 01:29:34,507	workspaces.py	1234	get_filtered_data	DEBUG	STEP: step_1
2018-02-23 01:29:34,509	workspaces.py	1234	get_filtered_data	DEBUG	STEP: step_1
2018-02-23 01:29:34,512	workspaces.py	1234	get_filtered_data	DEBUG	STEP: step_1
2018-02-23 01:29:34,516	workspaces.py	1234	get_filtered_data	DEBUG	STEP: step_1
2018-02-23 01:29:34,544	workspaces.py	1234	get_filtered_data	DEBUG	STEP: step_1
2018-02-23 01:29:34,546	workspaces.py	1234	get_filtered_data	DEBUG	STEP: step_1
2018-02-23 01:29:34,560	workspaces.py	1234	get_filtered_data	DEBUG	STEP: step_1
2018-02-23 01:29:34,562	workspaces.py	1234	get_filtered_data	DEBUG	STEP: step_1
2018-02-23 01:29:34,565	workspaces.py	1234	get_filtered_data	DEBUG	STEP: step_1
2018-02-23 01:29:34,569	workspaces.py	1234	get_filtered_data	DEBUG	STEP: step_1
2018-02-23 01:29:34,571	workspaces.py	1234	get_filtered_data	DEBUG	STEP: step_1
2018-02-23 01:29:34,575	workspaces.py	1234	get_filtered_data	DEBUG	STEP: step_1
2018-02-23 01:29:34,578	workspaces.py	1234	get_filtered_data	DEBUG	STEP: step_1
2018-02-23 01:29:34,582	workspaces.py	1234	get_filtered_data	DEBUG	STEP: step_1
2018-02-23 01:29:34,586	workspaces.py	1234	get_filtered_data	DEBUG	STEP: step_1
2018-02-23 01:29:34,589	workspaces.py	1234	get_filtered_data	DEBUG	STEP: step_1
2018-02-23 01:29:34,617	workspaces.py	1234	get_filtered_data	DEBUG	STEP: step_1
2018-02-23 01:29:34,622	workspaces.py	1234	get_filtered_data	DEBUG	STEP: step_1
2018-02-23 01:29:34,635	workspaces.py	1234	get_filtered_data	DEBUG	STEP: step_1
2018-02-23 01:29:34,638	workspaces.py	1234	get_filtered_data	DEBUG	STEP: step_1
2018-02-23 01:29:34,641	workspaces.py	1234	get_filtered_data	DEBUG	STEP: step_1
2018-02-23 01:29:34,645	workspaces.py	1234	get_filtered_data	DEBUG	STEP: step_1
2018-02-23 01:29:34,652	workspaces.py	1234	get_filtered_data	DEBUG	STEP: step_1
2018-02-23 01:29:34,654	workspaces.py	1234	get_filtered_data	DEBUG	STEP: step_1
2018-02-23 01:29:34,657	workspaces.py	1234	get_filtered_data	DEBUG	STEP: step_1
2018-02-23 01:29:34,660	workspaces.py	1234	get_filtered_data	DEBUG	STEP: step_1
2018-02-23 01:29:34,662	workspaces.py	1234	get_filtered_data	DEBUG	STEP: step_1
2018-02-23 01:29:34,665	workspaces.py	1234	get_filtered_data	DEBUG	STEP: step_1
2018-02-23 01:29:34,691	workspaces.py	1234	get_filtered_data	DEBUG	STEP: step_1
2018-02-23 01:29:34,694	workspaces.py	1234	get_filtered_data	DEBUG	STEP: step_1
2018-02-23 01:29:34,708	workspaces.py	1234	get_filtered_data	DEBUG	STEP: step_1
2018-02-23 01:29:34,712	workspaces.py	1234	get_filtered_data	DEBUG	STEP: step_1
2018-02-23 01:29:34,716	workspaces.py	1234	get_filtered_data	DEBUG	STEP: step_1
2018-02-23 01:29:34,720	workspaces.py	1234	get_filtered_data	DEBUG	STEP: step_1
2018-02-23 01:29:34,722	workspaces.py	1234	get_filtered_data	DEBUG	STEP: step_1
2018-02-23 01:29:34,725	workspaces.py	1234	get_filtered_data	DEBUG	STEP: step_1
2018-02-23 01:29:34,727	workspaces.py	1234	get_filtered_data	DEBUG	STEP: step_1
2018-02-23 01:29:34,730	workspaces.py	1234	get_filtered_data	DEBUG	STEP: step_1
2018-02-23 01:29:34,734	workspaces.py	1234	get_filtered_data	DEBUG	STEP: step_1
2018-02-23 01:29:34,738	workspaces.py	1234	get_filtered_data	DEBUG	STEP: step_1
2018-02-23 01:29:34,766	workspaces.py	1234	get_filtered_data	DEBUG	STEP: step_1
2018-02-23 01:29:34,769	workspaces.py	1234	get_filtered_data	DEBUG	STEP: step_1
2018-02-23 01:29:34,782	workspaces.py	1234	get_filtered_data	DEBUG	STEP: step_1
2018-02-23 01:29:34,785	workspaces.py	1234	get_filtered_data	DEBUG	STEP: step_1
2018-02-23 01:29:34,788	workspaces.py	1234	get_filtered_data	DEBUG	STEP: step_1
2018-02-23 01:29:34,794	workspaces.py	1234	get_filtered_data	DEBUG	STEP: step_1
2018-02-23 01:29:34,796	workspaces.py	1234	get_filtered_data	DEBUG	STEP: step_1
2018-02-23 01:29:34,801	workspaces.py	1234	get_filtered_data	DEBUG	STEP: step_1
2018-02-23 01:29:34,803	workspaces.py	1234	get_filtered_data	DEBUG	STEP: step_1
2018-02-23 01:29:34,806	workspaces.py	1234	get_filtered_data	DEBUG	STEP: step_1
2018-02-23 01:29:34,808	workspaces.py	1234	get_filtered_data	DEBUG	STEP: step_1
2018-02-23 01:29:34,811	workspaces.py	1234	get_filtered_data	DEBUG	STEP: step_1
