2018-02-19 09:41:44,728	logger.py	85	add_log	DEBUG	
2018-02-19 09:41:44,729	logger.py	86	add_log	DEBUG	========================================================================================================================
2018-02-19 09:41:44,732	logger.py	87	add_log	DEBUG	### Log added for log_id "default_subset" at locaton: D:\Utveckling\git\ekostat_calculator\workspaces\default\log\subset_default_subset.log
2018-02-19 09:41:44,734	logger.py	88	add_log	DEBUG	------------------------------------------------------------------------------------------------------------------------
2018-02-19 10:05:54,218	logger.py	85	add_log	DEBUG	
2018-02-19 10:05:54,218	logger.py	86	add_log	DEBUG	========================================================================================================================
2018-02-19 10:05:54,228	logger.py	87	add_log	DEBUG	### Log added for log_id "default_subset" at locaton: D:\Utveckling\git\ekostat_calculator\workspaces\default\log\subset_default_subset.log
2018-02-19 10:05:54,228	logger.py	88	add_log	DEBUG	------------------------------------------------------------------------------------------------------------------------
2018-02-19 11:58:14,998	logger.py	85	add_log	DEBUG	
2018-02-19 11:58:15,008	logger.py	86	add_log	DEBUG	========================================================================================================================
2018-02-19 11:58:15,008	logger.py	87	add_log	DEBUG	### Log added for log_id "default_subset" at locaton: D:\Utveckling\git\ekostat_calculator\workspaces\default_workspace\log\subset_default_subset.log
2018-02-19 11:58:15,008	logger.py	88	add_log	DEBUG	------------------------------------------------------------------------------------------------------------------------
2018-02-19 12:03:16,875	logger.py	85	add_log	DEBUG	
2018-02-19 12:03:16,875	logger.py	86	add_log	DEBUG	========================================================================================================================
2018-02-19 12:03:16,875	logger.py	87	add_log	DEBUG	### Log added for log_id "default_subset" at locaton: D:\Utveckling\git\ekostat_calculator\workspaces\default_workspace\log\subset_default_subset.log
2018-02-19 12:03:16,875	logger.py	88	add_log	DEBUG	------------------------------------------------------------------------------------------------------------------------
2018-02-19 12:05:35,114	logger.py	85	add_log	DEBUG	
2018-02-19 12:05:35,114	logger.py	86	add_log	DEBUG	========================================================================================================================
2018-02-19 12:05:35,124	logger.py	87	add_log	DEBUG	### Log added for log_id "default_subset" at locaton: D:\Utveckling\git\ekostat_calculator\workspaces\default_workspace\log\subset_default_subset.log
2018-02-19 12:05:35,124	logger.py	88	add_log	DEBUG	------------------------------------------------------------------------------------------------------------------------
2018-02-19 12:20:31,751	logger.py	85	add_log	DEBUG	
2018-02-19 12:20:31,751	logger.py	86	add_log	DEBUG	========================================================================================================================
2018-02-19 12:20:31,751	logger.py	87	add_log	DEBUG	### Log added for log_id "default_subset" at locaton: D:\Utveckling\git\ekostat_calculator\workspaces\default_workspace\log\subset_default_subset.log
2018-02-19 12:20:31,751	logger.py	88	add_log	DEBUG	------------------------------------------------------------------------------------------------------------------------
2018-02-20 08:30:58,074	logger.py	85	add_log	DEBUG	
2018-02-20 08:30:58,074	logger.py	86	add_log	DEBUG	========================================================================================================================
2018-02-20 08:30:58,074	logger.py	87	add_log	DEBUG	### Log added for log_id "default_subset" at locaton: D:\Utveckling\git\ekostat_calculator\workspaces\default_workspace\log\subset_default_subset.log
2018-02-20 08:30:58,074	logger.py	88	add_log	DEBUG	------------------------------------------------------------------------------------------------------------------------
2018-02-20 09:00:06,492	logger.py	85	add_log	DEBUG	
2018-02-20 09:00:06,492	logger.py	86	add_log	DEBUG	========================================================================================================================
2018-02-20 09:00:06,492	logger.py	87	add_log	DEBUG	### Log added for log_id "default_subset" at locaton: D:\Utveckling\git\ekostat_calculator\workspaces\default_workspace\log\subset_default_subset.log
2018-02-20 09:00:06,492	logger.py	88	add_log	DEBUG	------------------------------------------------------------------------------------------------------------------------
2018-02-20 09:13:55,297	logger.py	85	add_log	DEBUG	
2018-02-20 09:13:55,297	logger.py	86	add_log	DEBUG	========================================================================================================================
2018-02-20 09:13:55,297	logger.py	87	add_log	DEBUG	### Log added for log_id "default_subset" at locaton: D:\Utveckling\git\ekostat_calculator\workspaces\default_workspace\log\subset_default_subset.log
2018-02-20 09:13:55,297	logger.py	88	add_log	DEBUG	------------------------------------------------------------------------------------------------------------------------
2018-02-20 12:21:49,195	logger.py	85	add_log	DEBUG	
2018-02-20 12:21:49,196	logger.py	86	add_log	DEBUG	========================================================================================================================
2018-02-20 12:21:49,198	logger.py	87	add_log	DEBUG	### Log added for log_id "default_subset" at locaton: D:\Utveckling\git\ekostat_calculator\workspaces\default_workspace\log\subset_default_subset.log
2018-02-20 12:21:49,199	logger.py	88	add_log	DEBUG	------------------------------------------------------------------------------------------------------------------------
2018-02-20 12:23:59,599	logger.py	85	add_log	DEBUG	
2018-02-20 12:23:59,600	logger.py	86	add_log	DEBUG	========================================================================================================================
2018-02-20 12:23:59,602	logger.py	87	add_log	DEBUG	### Log added for log_id "default_subset" at locaton: D:\Utveckling\git\ekostat_calculator\workspaces\default_workspace\log\subset_default_subset.log
2018-02-20 12:23:59,603	logger.py	88	add_log	DEBUG	------------------------------------------------------------------------------------------------------------------------
2018-02-20 12:49:36,656	logger.py	85	add_log	DEBUG	
2018-02-20 12:49:36,658	logger.py	86	add_log	DEBUG	========================================================================================================================
2018-02-20 12:49:36,660	logger.py	87	add_log	DEBUG	### Log added for log_id "default_subset" at locaton: D:\Utveckling\git\ekostat_calculator\workspaces\default_workspace\log\subset_default_subset.log
2018-02-20 12:49:36,662	logger.py	88	add_log	DEBUG	------------------------------------------------------------------------------------------------------------------------
2018-02-20 13:45:35,268	logger.py	85	add_log	DEBUG	
2018-02-20 13:45:35,270	logger.py	86	add_log	DEBUG	========================================================================================================================
2018-02-20 13:45:35,273	logger.py	87	add_log	DEBUG	### Log added for log_id "default_subset" at locaton: D:\Utveckling\git\ekostat_calculator\workspaces\default_workspace\log\subset_default_subset.log
2018-02-20 13:45:35,275	logger.py	88	add_log	DEBUG	------------------------------------------------------------------------------------------------------------------------
